TN:
SF:src/lib/address-book-filters.ts
FN:43,buildListInput
FN:57,hasActiveFilters
FN:70,toggleTag
FN:71,(anonymous_3)
FN:78,mergeOsOptions
FN:79,(anonymous_5)
FN:79,(anonymous_6)
FN:85,groupByCustomer
FN:97,(anonymous_8)
FN:98,(anonymous_9)
FN:102,initialsOf
FNF:11
FNH:11
FNDA:3,buildListInput
FNDA:8,hasActiveFilters
FNDA:2,toggleTag
FNDA:2,(anonymous_3)
FNDA:2,mergeOsOptions
FNDA:12,(anonymous_5)
FNDA:25,(anonymous_6)
FNDA:2,groupByCustomer
FNDA:4,(anonymous_8)
FNDA:3,(anonymous_9)
FNDA:2,initialsOf
DA:10,1
DA:22,1
DA:44,3
DA:58,8
DA:71,2
DA:79,12
DA:80,25
DA:89,2
DA:90,2
DA:91,4
DA:92,4
DA:93,4
DA:94,4
DA:96,2
DA:97,4
DA:98,3
DA:103,2
LF:17
LH:17
BRDA:45,0,0,3
BRDA:45,0,1,2
BRDA:47,1,0,1
BRDA:47,1,1,2
BRDA:48,2,0,1
BRDA:48,2,1,2
BRDA:49,3,0,1
BRDA:49,3,1,2
BRDA:50,4,0,1
BRDA:50,4,1,2
BRDA:51,5,0,3
BRDA:51,5,1,2
BRDA:52,6,0,3
BRDA:52,6,1,2
BRDA:59,7,0,8
BRDA:59,7,1,7
BRDA:59,7,2,6
BRDA:59,7,3,5
BRDA:59,7,4,4
BRDA:59,7,5,3
BRDA:59,7,6,2
BRDA:71,8,0,1
BRDA:71,8,1,1
BRDA:78,9,0,2
BRDA:91,10,0,4
BRDA:91,10,1,1
BRDA:92,11,0,4
BRDA:92,11,1,3
BRF:28
BRH:28
end_of_record
TN:
SF:src/lib/auth-policy.ts
FN:13,constructor
FN:20,constructor_2
FN:27,isFirstUser
FN:40,resolveSignUpRole
FN:56,consumeInvitations
FN:76,assertNotBanned
FNF:6
FNH:6
FNDA:2,constructor
FNDA:1,constructor_2
FNDA:6,isFirstUser
FNDA:4,resolveSignUpRole
FNDA:1,consumeInvitations
FNDA:3,assertNotBanned
DA:14,2
DA:15,2
DA:21,1
DA:22,1
DA:28,6
DA:29,6
DA:44,4
DA:45,4
DA:47,3
DA:48,3
DA:50,2
DA:60,1
DA:80,3
DA:85,3
LF:14
LH:14
BRDA:20,0,0,1
BRDA:45,1,0,1
BRDA:45,1,1,3
BRDA:48,2,0,1
BRDA:48,2,1,2
BRDA:48,3,0,3
BRDA:48,3,1,2
BRDA:85,4,0,1
BRDA:85,4,1,2
BRF:9
BRH:9
end_of_record
TN:
SF:src/lib/crypto.ts
FN:33,loadEncryptionKey
FN:64,encryptSecret
FN:76,decryptSecret
FN:94,safeEqual
FNF:4
FNH:4
FNDA:12,loadEncryptionKey
FNDA:60,encryptSecret
FNDA:16,decryptSecret
FNDA:3,safeEqual
DA:23,8
DA:24,8
DA:25,8
DA:26,8
DA:34,12
DA:35,12
DA:36,1
DA:44,11
DA:45,1
DA:47,10
DA:50,11
DA:51,1
DA:56,10
DA:61,8
DA:65,60
DA:66,60
DA:67,60
DA:71,60
DA:72,60
DA:77,16
DA:78,16
DA:79,1
DA:81,15
DA:82,15
DA:83,15
DA:85,15
DA:86,15
DA:87,15
DA:95,3
DA:96,3
DA:97,3
DA:98,2
LF:32
LH:32
BRDA:33,0,0,12
BRDA:35,1,0,1
BRDA:35,1,1,11
BRDA:44,2,0,1
BRDA:44,2,1,10
BRDA:50,3,0,1
BRDA:50,3,1,10
BRDA:78,4,0,1
BRDA:78,4,1,15
BRDA:97,5,0,1
BRDA:97,5,1,2
BRF:11
BRH:11
end_of_record
TN:
SF:src/lib/customer-suggest.ts
FN:8,filterCustomers
FN:11,(anonymous_1)
FN:18,shouldOfferCreate
FN:22,(anonymous_3)
FNF:4
FNH:4
FNDA:6,filterCustomers
FNDA:12,(anonymous_1)
FNDA:5,shouldOfferCreate
FNDA:6,(anonymous_3)
DA:9,6
DA:10,6
DA:11,12
DA:19,5
DA:20,5
DA:21,3
DA:22,6
LF:7
LH:7
BRDA:10,0,0,2
BRDA:10,0,1,4
BRDA:20,1,0,2
BRDA:20,1,1,3
BRF:4
BRH:4
end_of_record
TN:
SF:src/lib/deployment-script.ts
FN:20,buildDeploymentScript
FN:29,buildDeploymentScripts
FNF:2
FNH:2
FNDA:87,buildDeploymentScript
FNDA:28,buildDeploymentScripts
DA:24,87
DA:25,57
DA:26,28
DA:30,28
LF:4
LH:4
BRDA:24,0,0,30
BRDA:24,0,1,57
BRDA:25,1,0,29
BRDA:25,1,1,28
BRF:4
BRH:4
end_of_record
TN:
SF:src/lib/device-meta.ts
FN:17,(anonymous_0)
FN:19,osLabel
FN:20,(anonymous_2)
FN:35,formatRustdeskId
FNF:4
FNH:4
FNDA:30,(anonymous_0)
FNDA:9,osLabel
FNDA:30,(anonymous_2)
FNDA:4,formatRustdeskId
DA:6,5
DA:17,30
DA:20,30
DA:23,5
DA:28,5
DA:36,4
LF:6
LH:6
BRDA:20,0,0,9
BRDA:20,0,1,3
BRDA:20,0,2,2
BRF:3
BRH:3
end_of_record
TN:
SF:src/lib/device-service.ts
FN:32,toPublicDevice
FN:60,queryDevices
FN:76,(anonymous_2)
FN:85,(anonymous_3)
FN:90,(anonymous_4)
FN:106,(anonymous_5)
FN:106,(anonymous_6)
FN:118,resolveCustomerId
FN:146,customerNameOf
FN:160,favoriteIdsFor
FN:168,(anonymous_10)
FN:171,loadDeviceRow
FN:182,audit
FNF:13
FNH:13
FNDA:44,toPublicDevice
FNDA:17,queryDevices
FNDA:25,(anonymous_2)
FNDA:2,(anonymous_3)
FNDA:4,(anonymous_4)
FNDA:2,(anonymous_5)
FNDA:2,(anonymous_6)
FNDA:22,resolveCustomerId
FNDA:1,customerNameOf
FNDA:17,favoriteIdsFor
FNDA:1,(anonymous_10)
FNDA:8,loadDeviceRow
FNDA:3,audit
DA:37,44
DA:64,17
DA:65,17
DA:67,17
DA:69,17
DA:76,25
DA:83,17
DA:84,1
DA:85,2
DA:88,17
DA:89,17
DA:90,2
DA:91,4
DA:100,4
DA:104,17
DA:105,1
DA:106,2
DA:109,17
DA:122,22
DA:123,22
DA:124,21
DA:129,21
DA:130,18
DA:135,18
DA:137,0
DA:142,0
DA:150,1
DA:151,1
DA:156,1
DA:164,17
DA:168,17
DA:172,8
DA:177,8
DA:178,1
DA:179,7
DA:188,3
LF:36
LH:34
BRDA:35,0,0,44
BRDA:44,1,0,44
BRDA:44,1,1,0
BRDA:46,2,0,9
BRDA:46,2,1,35
BRDA:48,3,0,44
BRDA:48,3,1,28
BRDA:62,4,0,17
BRDA:65,5,0,1
BRDA:65,5,1,16
BRDA:67,6,0,1
BRDA:67,6,1,16
BRDA:73,7,0,2
BRDA:73,7,1,15
BRDA:83,8,0,1
BRDA:83,8,1,16
BRDA:89,9,0,2
BRDA:89,9,1,15
BRDA:94,10,0,4
BRDA:94,10,1,0
BRDA:95,11,0,4
BRDA:95,11,1,0
BRDA:96,12,0,4
BRDA:96,12,1,0
BRDA:104,13,0,1
BRDA:104,13,1,16
BRDA:106,14,0,2
BRDA:106,14,1,0
BRDA:123,15,0,1
BRDA:123,15,1,21
BRDA:129,16,0,3
BRDA:129,16,1,18
BRDA:135,17,0,18
BRDA:135,17,1,0
BRDA:142,18,0,0
BRDA:142,18,1,0
BRDA:150,19,0,0
BRDA:150,19,1,1
BRDA:156,20,0,1
BRDA:156,20,1,0
BRDA:177,21,0,1
BRDA:177,21,1,7
BRF:42
BRH:32
end_of_record
TN:
SF:src/lib/device-transfer.ts
FN:11,constructor
FN:24,parseDeviceImport
FN:32,(anonymous_2)
FN:39,serializeDevices
FNF:4
FNH:4
FNDA:3,constructor
FNDA:6,parseDeviceImport
FNDA:8,(anonymous_2)
FNDA:1,serializeDevices
DA:12,3
DA:13,3
DA:26,6
DA:27,6
DA:29,1
DA:31,5
DA:32,3
DA:34,8
DA:40,1
DA:43,1
LF:10
LH:10
BRDA:11,0,0,3
BRDA:31,1,0,2
BRDA:31,1,1,3
BRDA:34,2,0,8
BRDA:34,2,1,6
BRDA:34,2,2,5
BRF:6
BRH:6
end_of_record
TN:
SF:src/lib/enrollment-claim.ts
FN:23,claimEnrollment
FN:34,(anonymous_1)
FN:88,(anonymous_2)
FN:110,(anonymous_3)
FNF:4
FNH:4
FNDA:33,claimEnrollment
FNDA:33,(anonymous_1)
FNDA:2,(anonymous_2)
FNDA:2,(anonymous_3)
DA:31,33
DA:32,33
DA:34,33
DA:35,33
DA:42,33
DA:43,3
DA:50,30
DA:51,30
DA:57,30
DA:58,1
DA:65,29
DA:66,1
DA:68,28
DA:69,1
DA:76,27
DA:88,27
DA:89,1
DA:96,26
DA:110,26
DA:112,2
DA:115,26
DA:116,1
DA:125,25
DA:135,25
DA:136,25
DA:137,25
DA:147,25
LF:27
LH:27
BRDA:42,0,0,3
BRDA:42,0,1,30
BRDA:42,1,0,33
BRDA:42,1,1,32
BRDA:57,2,0,1
BRDA:57,2,1,29
BRDA:57,3,0,30
BRDA:57,3,1,3
BRDA:65,4,0,1
BRDA:65,4,1,28
BRDA:65,5,0,29
BRDA:65,5,1,10
BRDA:68,6,0,1
BRDA:68,6,1,27
BRDA:68,7,0,28
BRDA:68,7,1,9
BRDA:88,8,0,1
BRDA:88,8,1,26
BRDA:112,9,0,2
BRDA:112,9,1,1
BRDA:112,9,2,0
BRDA:115,10,0,1
BRDA:115,10,1,25
BRDA:142,11,0,25
BRDA:142,11,1,2
BRDA:143,12,0,33
BRDA:143,12,1,2
BRF:27
BRH:26
end_of_record
TN:
SF:src/lib/enrollment-core.ts
FN:33,constructor
FN:44,generateEnrollmentToken
FN:48,generateClaimToken
FN:53,hashEnrollmentToken
FN:57,enrollmentTokenPrefix
FN:63,lockRustdeskId
FNF:6
FNH:6
FNDA:18,constructor
FNDA:47,generateEnrollmentToken
FNDA:25,generateClaimToken
FNDA:126,hashEnrollmentToken
FNDA:22,enrollmentTokenPrefix
FNDA:46,lockRustdeskId
DA:12,4
DA:17,4
DA:25,4
DA:34,18
DA:35,18
DA:38,18
DA:39,18
DA:45,47
DA:49,25
DA:54,126
DA:58,22
DA:61,4
DA:67,46
LF:13
LH:13
BRF:0
BRH:0
end_of_record
TN:
SF:src/lib/enrollment-finalize.ts
FN:23,finalizeEnrollment
FN:31,(anonymous_1)
FNF:2
FNH:2
FNDA:19,finalizeEnrollment
FNDA:19,(anonymous_1)
DA:28,19
DA:29,19
DA:31,19
DA:32,19
DA:38,19
DA:39,1
DA:48,18
DA:54,18
DA:63,18
DA:64,0
DA:70,18
DA:71,1
DA:77,17
DA:78,1
DA:85,16
DA:86,16
DA:92,16
DA:93,1
DA:99,15
DA:100,1
DA:107,14
DA:108,14
DA:109,19
DA:110,13
DA:115,13
DA:116,3
DA:118,10
DA:123,10
DA:124,10
DA:126,0
DA:131,0
DA:136,14
DA:138,14
DA:140,14
DA:141,1
DA:153,1
DA:155,13
DA:170,13
DA:171,13
DA:174,14
DA:179,14
DA:188,14
LF:42
LH:39
BRDA:38,0,0,1
BRDA:38,0,1,18
BRDA:63,1,0,0
BRDA:63,1,1,18
BRDA:63,2,0,18
BRDA:63,2,1,18
BRDA:70,3,0,1
BRDA:70,3,1,17
BRDA:70,4,0,18
BRDA:70,4,1,1
BRDA:77,5,0,1
BRDA:77,5,1,16
BRDA:92,6,0,1
BRDA:92,6,1,15
BRDA:92,7,0,16
BRDA:92,7,1,2
BRDA:99,8,0,1
BRDA:99,8,1,14
BRDA:99,9,0,15
BRDA:99,9,1,5
BRDA:99,9,2,1
BRDA:109,10,0,13
BRDA:109,10,1,6
BRDA:115,11,0,3
BRDA:115,11,1,10
BRDA:123,12,0,10
BRDA:123,12,1,0
BRDA:131,13,0,0
BRDA:131,13,1,0
BRDA:140,14,0,1
BRDA:140,14,1,13
BRDA:183,15,0,4
BRDA:183,15,1,10
BRF:33
BRH:29
end_of_record
TN:
SF:src/lib/enrollment-http.ts
FN:9,enrollmentJson
FN:19,bearerToken
FN:28,enforceEnrollmentRateLimit
FN:54,readLimitedBody
FN:92,parseEnrollmentPayload
FN:108,enrollmentErrorResponse
FNF:6
FNH:6
FNDA:5,enrollmentJson
FNDA:3,bearerToken
FNDA:304,enforceEnrollmentRateLimit
FNDA:5,readLimitedBody
FNDA:5,parseEnrollmentPayload
FNDA:4,enrollmentErrorResponse
DA:3,1
DA:4,1
DA:5,1
DA:6,1
DA:7,1
DA:10,5
DA:20,3
DA:21,3
DA:22,3
DA:23,2
DA:24,1
DA:29,304
DA:30,304
DA:34,304
DA:37,304
DA:38,304
DA:39,304
DA:40,4
DA:41,0
DA:42,0
DA:44,4
DA:45,300
DA:46,1
DA:55,5
DA:56,5
DA:57,1
DA:63,4
DA:65,4
DA:66,4
DA:67,4
DA:68,4
DA:69,7
DA:70,7
DA:71,4
DA:72,4
DA:73,1
DA:74,1
DA:80,3
DA:83,3
DA:84,3
DA:85,3
DA:86,3
DA:87,3
DA:89,3
DA:95,5
DA:96,3
DA:97,5
DA:98,2
DA:99,1
DA:101,1
DA:109,4
DA:110,1
DA:115,3
DA:116,1
DA:121,2
DA:122,1
DA:127,1
DA:128,1
LF:58
LH:56
BRDA:9,0,0,5
BRDA:20,1,0,3
BRDA:20,1,1,1
BRDA:22,2,0,2
BRDA:22,2,1,1
BRDA:30,3,0,303
BRDA:30,3,1,1
BRDA:34,4,0,304
BRDA:34,4,1,2
BRDA:34,4,2,1
BRDA:39,5,0,4
BRDA:39,5,1,300
BRDA:39,6,0,304
BRDA:39,6,1,300
BRDA:40,7,0,0
BRDA:40,7,1,4
BRDA:40,8,0,4
BRDA:40,8,1,4
BRDA:42,9,0,0
BRDA:42,9,1,0
BRDA:45,10,0,1
BRDA:45,10,1,299
BRDA:55,11,0,5
BRDA:55,11,1,4
BRDA:56,12,0,1
BRDA:56,12,1,4
BRDA:63,13,0,0
BRDA:63,13,1,4
BRDA:70,14,0,3
BRDA:70,14,1,4
BRDA:72,15,0,1
BRDA:72,15,1,3
BRDA:96,16,0,3
BRDA:96,16,1,0
BRDA:97,17,0,1
BRDA:97,17,1,4
BRDA:98,18,0,1
BRDA:98,18,1,1
BRDA:109,19,0,1
BRDA:109,19,1,3
BRDA:115,20,0,1
BRDA:115,20,1,2
BRDA:121,21,0,1
BRDA:121,21,1,1
BRDA:121,22,0,2
BRDA:121,22,1,2
BRDA:121,22,2,2
BRF:47
BRH:42
end_of_record
TN:
SF:src/lib/enrollment.ts
FNF:0
FNH:0
LF:0
LH:0
BRF:0
BRH:0
end_of_record
TN:
SF:src/lib/format.ts
FN:7,formatLastSeen
FNF:1
FNH:1
FNDA:3,formatLastSeen
DA:8,3
DA:9,2
DA:10,2
DA:11,1
LF:4
LH:4
BRDA:8,0,0,1
BRDA:8,0,1,2
BRDA:10,1,0,1
BRDA:10,1,1,1
BRF:4
BRH:4
end_of_record
TN:
SF:src/lib/group-service.ts
FN:15,groupMemberIds
FN:30,(anonymous_1)
FNF:2
FNH:2
FNDA:4,groupMemberIds
FNDA:2,(anonymous_1)
DA:20,4
DA:25,4
DA:26,3
DA:30,3
LF:4
LH:4
BRDA:25,0,0,1
BRDA:25,0,1,3
BRF:2
BRH:2
end_of_record
TN:
SF:src/lib/i18n-labels.ts
FN:5,statusLabel
FN:12,roleLabel
FN:17,auditActionLabel
FNF:3
FNH:3
FNDA:3,statusLabel
FNDA:4,roleLabel
FNDA:4,auditActionLabel
DA:6,3
DA:7,2
DA:8,1
DA:13,4
DA:18,4
LF:5
LH:5
BRDA:6,0,0,1
BRDA:6,0,1,2
BRDA:7,1,0,1
BRDA:7,1,1,1
BRDA:13,2,0,1
BRDA:13,2,1,3
BRDA:18,3,0,1
BRDA:18,3,1,3
BRF:8
BRH:8
end_of_record
TN:
SF:src/lib/registration-context.ts
FNF:0
FNH:0
DA:11,27
LF:1
LH:1
BRF:0
BRH:0
end_of_record
TN:
SF:src/lib/rustdesk-sync.ts
FN:40,syncConfig
FN:52,(anonymous_1)
FN:57,lastSyncedAt
FN:66,resetSyncState
FN:72,normalizePeer
FN:100,fetchPeers
FN:115,(anonymous_6)
FN:119,applyStatuses
FN:124,(anonymous_8)
FN:161,maybeSyncStatuses
FN:171,(anonymous_10)
FNF:11
FNH:11
FNDA:36,syncConfig
FNDA:3,(anonymous_1)
FNDA:3,lastSyncedAt
FNDA:23,resetSyncState
FNDA:18,normalizePeer
FNDA:9,fetchPeers
FNDA:8,(anonymous_6)
FNDA:8,applyStatuses
FNDA:8,(anonymous_8)
FNDA:28,maybeSyncStatuses
FNDA:9,(anonymous_10)
DA:41,36
DA:42,36
DA:43,15
DA:44,36
DA:52,4
DA:54,4
DA:55,4
DA:58,3
DA:67,23
DA:68,23
DA:73,18
DA:74,16
DA:75,16
DA:76,18
DA:78,14
DA:80,18
DA:85,18
DA:86,18
DA:87,18
DA:89,2
DA:90,12
DA:91,0
DA:92,0
DA:94,14
DA:96,14
DA:103,9
DA:107,9
DA:108,8
DA:109,8
DA:114,9
DA:115,8
DA:123,8
DA:124,8
DA:125,7
DA:134,7
DA:135,7
DA:136,7
DA:137,7
DA:138,7
DA:140,7
DA:142,6
DA:150,6
DA:152,7
DA:165,28
DA:166,28
DA:167,11
DA:168,11
DA:169,10
DA:171,9
DA:172,9
DA:173,9
DA:174,8
DA:176,1
DA:177,1
DA:179,9
DA:180,9
DA:183,9
LF:57
LH:55
BRDA:42,0,0,21
BRDA:42,0,1,15
BRDA:43,1,0,15
BRDA:43,1,1,12
BRDA:46,2,0,36
BRDA:46,2,1,14
BRDA:47,3,0,36
BRDA:47,3,1,14
BRDA:48,4,0,13
BRDA:48,4,1,2
BRDA:48,5,0,36
BRDA:48,5,1,14
BRDA:73,6,0,2
BRDA:73,6,1,16
BRDA:73,7,0,18
BRDA:73,7,1,17
BRDA:75,8,0,16
BRDA:75,8,1,2
BRDA:75,8,2,1
BRDA:75,8,3,1
BRDA:75,8,4,1
BRDA:76,9,0,2
BRDA:76,9,1,16
BRDA:78,10,0,14
BRDA:78,10,1,2
BRDA:78,10,2,1
BRDA:80,11,0,18
BRDA:80,11,1,6
BRDA:80,11,2,5
BRDA:80,11,3,4
BRDA:85,12,0,18
BRDA:85,12,1,12
BRDA:85,12,2,12
BRDA:85,12,3,12
BRDA:87,13,0,2
BRDA:87,13,1,12
BRDA:89,14,0,1
BRDA:89,14,1,1
BRDA:90,15,0,0
BRDA:90,15,1,12
BRDA:90,16,0,12
BRDA:90,16,1,0
BRDA:92,17,0,0
BRDA:92,17,1,0
BRDA:94,18,0,10
BRDA:94,18,1,4
BRDA:94,19,0,14
BRDA:94,19,1,10
BRDA:96,20,0,10
BRDA:96,20,1,4
BRDA:104,21,0,1
BRDA:104,21,1,8
BRDA:107,22,0,1
BRDA:107,22,1,8
BRDA:109,23,0,5
BRDA:109,23,1,3
BRDA:111,24,0,3
BRDA:111,24,1,1
BRDA:111,24,2,0
BRDA:114,25,0,1
BRDA:114,25,1,8
BRDA:123,26,0,1
BRDA:123,26,1,7
BRDA:137,27,0,0
BRDA:137,27,1,7
BRDA:140,28,0,1
BRDA:140,28,1,6
BRDA:140,29,0,7
BRDA:140,29,1,3
BRDA:146,30,0,6
BRDA:146,30,1,0
BRDA:150,31,0,4
BRDA:150,31,1,2
BRDA:163,32,0,28
BRDA:166,33,0,17
BRDA:166,33,1,11
BRDA:168,34,0,1
BRDA:168,34,1,10
BRDA:168,35,0,11
BRDA:168,35,1,10
BRDA:169,36,0,1
BRDA:169,36,1,9
BRF:82
BRH:75
end_of_record
TN:
SF:src/lib/utils.ts
FN:5,cn
FNF:1
FNH:1
FNDA:2,cn
DA:6,2
LF:1
LH:1
BRF:0
BRH:0
end_of_record
TN:
SF:src/lib/deployment/linux.ts
FN:9,linuxScript
FNF:1
FNH:1
FNDA:29,linuxScript
DA:10,29
DA:11,29
DA:12,29
DA:13,29
DA:15,29
LF:5
LH:5
BRDA:12,0,0,29
BRDA:12,0,1,2
BRDA:22,1,0,28
BRDA:22,1,1,1
BRF:4
BRH:4
end_of_record
TN:
SF:src/lib/deployment/macos.ts
FN:9,macosScript
FNF:1
FNH:1
FNDA:28,macosScript
DA:10,28
DA:11,28
DA:12,28
DA:13,28
DA:15,28
LF:5
LH:5
BRDA:12,0,0,28
BRDA:12,0,1,1
BRDA:22,1,0,27
BRDA:22,1,1,1
BRF:4
BRH:4
end_of_record
TN:
SF:src/lib/deployment/shared.ts
FN:41,shellQuote
FN:45,powershellQuote
FN:49,normalizedOrigin
FNF:3
FNH:3
FNDA:285,shellQuote
FNDA:150,powershellQuote
FNDA:87,normalizedOrigin
DA:6,2
DA:17,2
DA:42,285
DA:46,150
DA:50,87
LF:5
LH:5
BRF:0
BRH:0
end_of_record
TN:
SF:src/lib/deployment/windows.ts
FN:9,windowsScript
FNF:1
FNH:1
FNDA:30,windowsScript
DA:10,30
DA:11,30
DA:12,30
DA:13,30
DA:15,30
LF:5
LH:5
BRDA:12,0,0,30
BRDA:12,0,1,1
BRDA:22,1,0,28
BRDA:22,1,1,2
BRF:4
BRH:4
end_of_record
TN:
SF:src/orpc/context.ts
FN:19,(anonymous_0)
FN:41,(anonymous_1)
FNF:2
FNH:2
FNDA:172,(anonymous_0)
FNDA:44,(anonymous_1)
DA:16,8
DA:19,8
DA:20,172
DA:21,172
DA:22,1
DA:24,171
DA:25,1
DA:29,170
DA:38,8
DA:41,8
DA:42,44
DA:43,4
DA:47,40
DA:51,8
LF:14
LH:14
BRDA:21,0,0,1
BRDA:21,0,1,171
BRDA:24,1,0,1
BRDA:24,1,1,170
BRDA:42,2,0,4
BRDA:42,2,1,40
BRF:6
BRH:6
end_of_record
TN:
SF:src/orpc/schema.ts
FNF:0
FNH:0
DA:5,2
DA:6,2
DA:9,2
DA:15,2
DA:31,2
DA:49,2
LF:6
LH:6
BRF:0
BRH:0
end_of_record
TN:
SF:src/orpc/router/account.ts
FN:16,createAccount
FN:32,(anonymous_1)
FN:41,(anonymous_2)
FN:57,(anonymous_3)
FN:87,(anonymous_4)
FN:107,(anonymous_5)
FNF:6
FNH:6
FNDA:2,createAccount
FNDA:2,(anonymous_1)
FNDA:2,(anonymous_2)
FNDA:4,(anonymous_3)
FNDA:2,(anonymous_4)
FNDA:1,(anonymous_5)
DA:10,1
DA:23,2
DA:30,1
DA:33,2
DA:34,2
DA:38,1
DA:42,2
DA:43,2
DA:44,1
DA:49,1
DA:50,1
DA:54,1
DA:58,4
DA:69,4
DA:70,3
DA:74,1
DA:78,1
DA:88,2
DA:99,2
DA:100,1
DA:106,1
DA:109,1
DA:115,1
LF:23
LH:23
BRDA:43,0,0,1
BRDA:43,0,1,1
BRDA:69,1,0,3
BRDA:69,1,1,1
BRDA:99,2,0,1
BRDA:99,2,1,1
BRF:6
BRH:6
end_of_record
TN:
SF:src/orpc/router/audit.ts
FN:8,(anonymous_0)
FN:25,(anonymous_1)
FN:43,(anonymous_2)
FN:58,(anonymous_3)
FNF:4
FNH:4
FNDA:2,(anonymous_0)
FNDA:4,(anonymous_1)
FNDA:2,(anonymous_2)
FNDA:2,(anonymous_3)
DA:8,1
DA:9,2
DA:25,4
DA:41,1
DA:44,2
DA:58,2
LF:6
LH:6
BRF:0
BRH:0
end_of_record
TN:
SF:src/orpc/router/customers.ts
FN:12,assertNameFree
FN:42,(anonymous_1)
FN:61,(anonymous_2)
FN:83,(anonymous_3)
FN:105,(anonymous_4)
FNF:5
FNH:5
FNDA:12,assertNameFree
FNDA:2,(anonymous_1)
FNDA:9,(anonymous_2)
FNDA:3,(anonymous_3)
FNDA:1,(anonymous_4)
DA:8,1
DA:9,1
DA:17,12
DA:22,12
DA:23,2
DA:30,1
DA:43,2
DA:55,2
DA:58,1
DA:62,9
DA:63,8
DA:71,8
DA:74,1
DA:84,3
DA:85,2
DA:94,2
DA:95,1
DA:96,1
DA:103,1
DA:106,1
DA:107,1
LF:21
LH:21
BRDA:22,0,0,2
BRDA:22,0,1,10
BRDA:22,1,0,12
BRDA:22,1,1,3
BRDA:67,2,0,8
BRDA:67,2,1,8
BRDA:68,3,0,9
BRDA:68,3,1,8
BRDA:89,4,0,2
BRDA:89,4,1,1
BRDA:90,5,0,3
BRDA:90,5,1,1
BRDA:94,6,0,1
BRDA:94,6,1,1
BRF:14
BRH:14
end_of_record
TN:
SF:src/orpc/router/devices.ts
FN:35,(anonymous_0)
FN:41,(anonymous_1)
FN:48,(anonymous_2)
FN:50,(anonymous_3)
FN:56,(anonymous_4)
FN:67,(anonymous_5)
FN:89,(anonymous_6)
FN:97,(anonymous_7)
FN:104,(anonymous_8)
FN:121,(anonymous_9)
FN:127,(anonymous_10)
FN:130,(anonymous_11)
FN:133,(anonymous_12)
FN:141,(anonymous_13)
FN:163,(anonymous_14)
FN:192,(anonymous_15)
FN:204,(anonymous_16)
FN:223,(anonymous_17)
FN:245,(anonymous_18)
FN:246,(anonymous_19)
FN:248,(anonymous_20)
FNF:21
FNH:21
FNDA:16,(anonymous_0)
FNDA:3,(anonymous_1)
FNDA:5,(anonymous_2)
FNDA:13,(anonymous_3)
FNDA:1,(anonymous_4)
FNDA:4,(anonymous_5)
FNDA:1,(anonymous_6)
FNDA:1,(anonymous_7)
FNDA:1,(anonymous_8)
FNDA:2,(anonymous_9)
FNDA:2,(anonymous_10)
FNDA:1,(anonymous_11)
FNDA:2,(anonymous_12)
FNDA:19,(anonymous_13)
FNDA:3,(anonymous_14)
FNDA:1,(anonymous_15)
FNDA:2,(anonymous_16)
FNDA:2,(anonymous_17)
FNDA:2,(anonymous_18)
FNDA:3,(anonymous_19)
FNDA:1,(anonymous_20)
DA:30,2
DA:32,2
DA:38,16
DA:39,16
DA:40,16
DA:41,16
DA:42,16
DA:43,4
DA:48,5
DA:50,16
DA:53,2
DA:57,1
DA:58,1
DA:59,1
DA:60,1
DA:64,2
DA:68,4
DA:69,3
DA:74,1
DA:83,4
DA:87,2
DA:89,1
DA:95,2
DA:98,1
DA:99,0
DA:100,0
DA:104,2
DA:105,1
DA:106,1
DA:107,1
DA:108,1
DA:109,1
DA:110,1
DA:111,2
DA:112,2
DA:113,2
DA:114,2
DA:115,2
DA:116,2
DA:117,2
DA:119,3
DA:121,1
DA:122,2
DA:123,1
DA:127,2
DA:130,1
DA:133,2
DA:138,2
DA:142,19
DA:143,19
DA:157,19
DA:160,2
DA:164,3
DA:165,2
DA:167,2
DA:170,3
DA:172,2
DA:187,2
DA:190,2
DA:193,1
DA:194,1
DA:201,2
DA:205,2
DA:206,2
DA:207,1
DA:211,1
DA:212,1
DA:220,2
DA:224,2
DA:225,2
DA:226,2
DA:227,1
DA:228,1
DA:233,2
DA:237,2
DA:238,2
DA:242,2
DA:246,3
DA:247,2
DA:248,1
DA:260,2
DA:261,2
LF:82
LH:80
BRDA:41,0,0,3
BRDA:41,0,1,13
BRDA:42,1,0,4
BRDA:42,1,1,12
BRDA:68,2,0,3
BRDA:68,2,1,1
BRDA:98,3,0,1
BRDA:98,3,1,0
BRDA:111,4,0,1
BRDA:111,4,1,1
BRDA:113,5,0,2
BRDA:113,5,1,0
BRDA:113,6,0,2
BRDA:113,6,1,2
BRDA:115,7,0,2
BRDA:115,7,1,0
BRDA:117,8,0,2
BRDA:117,8,1,1
BRDA:119,9,0,2
BRDA:119,9,1,0
BRDA:119,10,0,3
BRDA:119,10,1,2
BRDA:149,11,0,19
BRDA:149,11,1,0
BRDA:152,12,0,19
BRDA:152,12,1,0
BRDA:153,13,0,17
BRDA:153,13,1,2
BRDA:157,14,0,19
BRDA:157,14,1,1
BRDA:167,15,0,1
BRDA:167,15,1,1
BRDA:178,16,0,2
BRDA:178,16,1,0
BRDA:181,17,0,3
BRDA:181,17,1,0
BRDA:187,18,0,2
BRDA:187,18,1,0
BRDA:206,19,0,1
BRDA:206,19,1,1
BRDA:226,20,0,1
BRDA:226,20,1,1
BRDA:246,21,0,3
BRDA:246,21,1,2
BRDA:252,22,0,1
BRDA:252,22,1,1
BRDA:253,23,0,1
BRDA:253,23,1,0
BRDA:254,24,0,1
BRDA:254,24,1,0
BRDA:255,25,0,1
BRDA:255,25,1,1
BRDA:256,26,0,0
BRDA:256,26,1,1
BRDA:260,27,0,1
BRDA:260,27,1,1
BRF:56
BRH:44
end_of_record
TN:
SF:src/orpc/router/enrollments.ts
FN:22,deploymentOrigin
FN:36,accessibleToken
FN:58,(anonymous_2)
FN:61,(anonymous_3)
FN:96,(anonymous_4)
FN:120,(anonymous_5)
FN:131,(anonymous_6)
FN:133,(anonymous_7)
FN:190,(anonymous_8)
FN:191,(anonymous_9)
FN:225,(anonymous_10)
FNF:11
FNH:11
FNDA:26,deploymentOrigin
FNDA:12,accessibleToken
FNDA:21,(anonymous_2)
FNDA:42,(anonymous_3)
FNDA:3,(anonymous_4)
FNDA:2,(anonymous_5)
FNDA:5,(anonymous_6)
FNDA:5,(anonymous_7)
FNDA:4,(anonymous_8)
FNDA:4,(anonymous_9)
FNDA:3,(anonymous_10)
DA:18,1
DA:20,1
DA:23,26
DA:24,26
DA:25,26
DA:28,26
DA:29,1
DA:33,25
DA:41,12
DA:46,1
DA:56,1
DA:59,21
DA:60,21
DA:61,42
DA:63,21
DA:64,21
DA:66,21
DA:82,20
DA:96,1
DA:97,3
DA:120,3
DA:129,1
DA:132,5
DA:133,5
DA:134,5
DA:141,5
DA:142,4
DA:143,1
DA:147,3
DA:148,1
DA:155,2
DA:156,2
DA:157,1
DA:161,1
DA:162,1
DA:163,1
DA:173,2
DA:188,1
DA:191,4
DA:192,4
DA:198,4
DA:200,3
DA:211,3
DA:212,1
DA:218,2
DA:219,2
DA:223,1
DA:226,3
DA:231,3
LF:49
LH:49
BRDA:23,0,0,26
BRDA:23,0,1,25
BRDA:28,1,0,1
BRDA:28,1,1,25
BRDA:28,2,0,26
BRDA:28,2,1,2
BRDA:41,3,0,0
BRDA:41,3,1,12
BRDA:71,4,0,18
BRDA:71,4,1,2
BRDA:75,5,0,21
BRDA:75,5,1,0
BRDA:77,6,0,21
BRDA:77,6,1,20
BRDA:114,7,0,1
BRDA:114,7,1,2
BRDA:122,8,0,2
BRDA:122,8,1,2
BRDA:123,9,0,2
BRDA:123,9,1,2
BRDA:124,10,0,2
BRDA:124,10,1,2
BRDA:141,11,0,1
BRDA:141,11,1,4
BRDA:142,12,0,1
BRDA:142,12,1,3
BRDA:147,13,0,1
BRDA:147,13,1,2
BRDA:156,14,0,1
BRDA:156,14,1,1
BRDA:182,15,0,2
BRDA:182,15,1,2
BRDA:198,16,0,1
BRDA:198,16,1,3
BRDA:211,17,0,1
BRDA:211,17,1,2
BRF:36
BRH:34
end_of_record
TN:
SF:src/orpc/router/groups.ts
FN:11,loadOwnedGroup
FN:33,(anonymous_1)
FN:56,(anonymous_2)
FN:79,(anonymous_3)
FN:90,(anonymous_4)
FN:100,(anonymous_5)
FN:111,(anonymous_6)
FN:123,(anonymous_7)
FNF:8
FNH:8
FNDA:14,loadOwnedGroup
FNDA:4,(anonymous_1)
FNDA:12,(anonymous_2)
FNDA:2,(anonymous_3)
FNDA:2,(anonymous_4)
FNDA:2,(anonymous_5)
FNDA:1,(anonymous_6)
FNDA:10,(anonymous_7)
DA:8,1
DA:16,14
DA:21,14
DA:22,3
DA:23,11
DA:27,1
DA:34,4
DA:50,4
DA:53,1
DA:57,12
DA:67,12
DA:68,1
DA:70,11
DA:74,11
DA:77,1
DA:80,2
DA:81,1
DA:85,1
DA:88,1
DA:91,2
DA:92,1
DA:93,1
DA:97,1
DA:101,2
DA:111,2
DA:115,1
DA:124,10
DA:125,9
DA:126,7
DA:131,2
DA:140,9
LF:31
LH:31
BRDA:21,0,0,3
BRDA:21,0,1,11
BRDA:67,1,0,1
BRDA:67,1,1,11
BRDA:125,2,0,7
BRDA:125,2,1,2
BRF:6
BRH:6
end_of_record
TN:
SF:src/orpc/router/index.ts
FNF:0
FNH:0
LF:0
LH:0
BRF:0
BRH:0
end_of_record
TN:
SF:src/orpc/router/invites.ts
FN:21,(anonymous_0)
FN:34,(anonymous_1)
FN:47,(anonymous_2)
FN:59,(anonymous_3)
FNF:4
FNH:4
FNDA:5,(anonymous_0)
FNDA:1,(anonymous_1)
FNDA:1,(anonymous_2)
FNDA:1,(anonymous_3)
DA:9,1
DA:11,1
DA:13,1
DA:22,5
DA:23,5
DA:24,5
DA:31,5
DA:34,1
DA:35,1
DA:47,1
DA:57,1
DA:60,1
DA:61,1
LF:13
LH:13
BRF:0
BRH:0
end_of_record
TN:
SF:src/orpc/router/users.ts
FN:24,adminCount
FN:35,(anonymous_1)
FN:53,(anonymous_2)
FN:79,(anonymous_3)
FN:122,(anonymous_4)
FN:154,(anonymous_5)
FN:178,(anonymous_6)
FNF:7
FNH:7
FNDA:3,adminCount
FNDA:1,(anonymous_1)
FNDA:2,(anonymous_2)
FNDA:5,(anonymous_3)
FNDA:5,(anonymous_4)
FNDA:2,(anonymous_5)
FNDA:4,(anonymous_6)
DA:8,1
DA:11,1
DA:25,3
DA:29,3
DA:33,1
DA:36,1
DA:53,2
DA:71,1
DA:80,5
DA:85,5
DA:86,1
DA:89,4
DA:90,5
DA:91,3
DA:92,1
DA:97,2
DA:98,1
DA:104,2
DA:108,2
DA:115,1
DA:123,5
DA:124,1
DA:128,4
DA:133,4
DA:134,1
DA:137,3
DA:147,3
DA:148,3
DA:152,1
DA:155,2
DA:165,2
DA:166,1
DA:168,1
DA:176,1
DA:179,4
DA:180,1
DA:184,3
DA:189,3
DA:190,1
DA:192,2
DA:193,1
DA:198,1
DA:199,1
LF:43
LH:43
BRDA:29,0,0,3
BRDA:29,0,1,0
BRDA:57,1,0,1
BRDA:57,1,1,1
BRDA:85,2,0,1
BRDA:85,2,1,4
BRDA:89,3,0,4
BRDA:89,3,1,3
BRDA:90,4,0,3
BRDA:90,4,1,2
BRDA:91,5,0,1
BRDA:91,5,1,2
BRDA:97,6,0,1
BRDA:97,6,1,1
BRDA:123,7,0,1
BRDA:123,7,1,4
BRDA:133,8,0,1
BRDA:133,8,1,3
BRDA:141,9,0,3
BRDA:141,9,1,1
BRDA:165,10,0,1
BRDA:165,10,1,1
BRDA:179,11,0,1
BRDA:179,11,1,3
BRDA:189,12,0,1
BRDA:189,12,1,2
BRDA:192,13,0,1
BRDA:192,13,1,1
BRDA:192,14,0,2
BRDA:192,14,1,1
BRF:30
BRH:29
end_of_record
TN:
SF:src/utils/mcp-handler.ts
FN:8,handleMcpRequest
FN:28,(anonymous_1)
FN:32,(anonymous_2)
FN:43,(anonymous_3)
FN:44,(anonymous_4)
FNF:5
FNH:5
FNDA:4,handleMcpRequest
FNDA:2,(anonymous_1)
FNDA:1,(anonymous_2)
FNDA:1,(anonymous_3)
FNDA:2,(anonymous_4)
DA:6,1
DA:13,4
DA:14,4
DA:17,3
DA:20,3
DA:21,4
DA:22,1
DA:28,2
DA:29,2
DA:32,2
DA:33,1
DA:36,2
DA:38,2
DA:39,2
DA:41,2
DA:43,2
DA:44,2
DA:46,2
DA:47,2
DA:49,2
DA:50,1
DA:60,1
DA:66,1
DA:69,1
LF:24
LH:24
BRDA:11,0,0,4
BRDA:11,1,0,4
BRDA:20,2,0,2
BRDA:20,2,1,1
BRDA:21,3,0,1
BRDA:21,3,1,3
BRDA:33,4,0,1
BRDA:33,4,1,0
BRDA:33,5,0,1
BRDA:33,5,1,1
BRDA:49,6,0,1
BRDA:49,6,1,1
BRDA:75,7,0,1
BRDA:75,7,1,0
BRF:14
BRH:12
end_of_record
