TN:
SF:src/lib/address-book-filters.ts
FN:50,buildListInput
FN:64,hasActiveFilters
FN:77,toggleTag
FN:78,(anonymous_3)
FN:85,mergeOsOptions
FN:86,(anonymous_5)
FN:86,(anonymous_6)
FN:112,filterDevices
FN:117,(anonymous_8)
FN:130,(anonymous_9)
FN:155,localDevices
FN:174,groupByCustomer
FN:186,(anonymous_12)
FN:187,(anonymous_13)
FN:191,initialsOf
FNF:15
FNH:14
FNDA:3,buildListInput
FNDA:8,hasActiveFilters
FNDA:2,toggleTag
FNDA:2,(anonymous_3)
FNDA:2,mergeOsOptions
FNDA:12,(anonymous_5)
FNDA:25,(anonymous_6)
FNDA:17,filterDevices
FNDA:32,(anonymous_8)
FNDA:2,(anonymous_9)
FNDA:0,localDevices
FNDA:2,groupByCustomer
FNDA:3,(anonymous_12)
FNDA:4,(anonymous_13)
FNDA:2,initialsOf
DA:17,1
DA:29,1
DA:51,3
DA:65,8
DA:78,2
DA:86,12
DA:87,25
DA:116,17
DA:117,17
DA:118,32
DA:119,3
DA:120,29
DA:124,2
DA:125,27
DA:126,1
DA:127,26
DA:128,25
DA:130,2
DA:132,1
DA:133,24
DA:134,12
DA:143,32
DA:160,0
DA:172,1
DA:178,2
DA:179,2
DA:180,4
DA:181,4
DA:182,4
DA:183,4
DA:185,2
DA:186,3
DA:187,4
DA:192,2
LF:34
LH:33
BRDA:52,0,0,3
BRDA:52,0,1,2
BRDA:54,1,0,1
BRDA:54,1,1,2
BRDA:55,2,0,1
BRDA:55,2,1,2
BRDA:56,3,0,1
BRDA:56,3,1,2
BRDA:57,4,0,1
BRDA:57,4,1,2
BRDA:58,5,0,3
BRDA:58,5,1,2
BRDA:59,6,0,3
BRDA:59,6,1,2
BRDA:66,7,0,8
BRDA:66,7,1,7
BRDA:66,7,2,6
BRDA:66,7,3,5
BRDA:66,7,4,4
BRDA:66,7,5,3
BRDA:66,7,6,2
BRDA:78,8,0,1
BRDA:78,8,1,1
BRDA:85,9,0,2
BRDA:118,10,0,3
BRDA:118,10,1,29
BRDA:118,11,0,32
BRDA:118,11,1,6
BRDA:120,12,0,2
BRDA:120,12,1,27
BRDA:121,13,0,29
BRDA:121,13,1,4
BRDA:122,14,0,4
BRDA:122,14,1,2
BRDA:125,15,0,1
BRDA:125,15,1,26
BRDA:125,16,0,27
BRDA:125,16,1,2
BRDA:127,17,0,1
BRDA:127,17,1,25
BRDA:127,18,0,26
BRDA:127,18,1,2
BRDA:128,19,0,1
BRDA:128,19,1,24
BRDA:129,20,0,25
BRDA:129,20,1,2
BRDA:133,21,0,12
BRDA:133,21,1,12
BRDA:137,22,0,12
BRDA:137,22,1,0
BRDA:138,23,0,32
BRDA:138,23,1,6
BRDA:162,24,0,0
BRDA:162,24,1,0
BRDA:180,25,0,4
BRDA:180,25,1,1
BRDA:181,26,0,4
BRDA:181,26,1,3
BRDA:186,27,0,3
BRDA:186,27,1,1
BRF:60
BRH:57
end_of_record
TN:
SF:src/lib/audit-service.ts
FN:30,actorFrom
FN:71,recordAuditEvent
FN:101,changedFields
FN:107,(anonymous_3)
FNF:4
FNH:4
FNDA:131,actorFrom
FNDA:159,recordAuditEvent
FNDA:10,changedFields
FNDA:51,(anonymous_3)
DA:31,131
DA:75,159
DA:76,159
DA:105,10
DA:106,10
DA:107,51
LF:6
LH:6
BRDA:87,0,0,66
BRDA:87,0,1,93
BRDA:87,1,0,159
BRDA:87,1,1,70
BRDA:92,2,0,159
BRDA:92,2,1,32
BRF:6
BRH:6
end_of_record
TN:
SF:src/lib/auth-audit.ts
FN:31,authAuditAction
FN:43,recordAuthEvent
FN:64,attemptedEmailFrom
FNF:3
FNH:3
FNDA:10,authAuditAction
FNDA:3,recordAuthEvent
FNDA:3,attemptedEmailFrom
DA:35,10
DA:36,6
DA:37,4
DA:38,3
DA:39,2
DA:47,3
DA:48,3
DA:50,2
DA:51,3
DA:65,3
DA:66,2
DA:67,2
LF:12
LH:12
BRDA:35,0,0,4
BRDA:35,0,1,6
BRDA:35,1,0,2
BRDA:35,1,1,2
BRDA:36,2,0,2
BRDA:36,2,1,4
BRDA:37,3,0,1
BRDA:37,3,1,3
BRDA:38,4,0,1
BRDA:38,4,1,2
BRDA:48,5,0,1
BRDA:48,5,1,2
BRDA:50,6,0,2
BRDA:50,6,1,1
BRDA:50,6,2,0
BRDA:54,7,0,3
BRDA:54,7,1,1
BRDA:55,8,0,3
BRDA:55,8,1,1
BRDA:58,9,0,3
BRDA:58,9,1,1
BRDA:65,10,0,1
BRDA:65,10,1,2
BRDA:65,11,0,3
BRDA:65,11,1,2
BRDA:67,12,0,1
BRDA:67,12,1,1
BRDA:67,13,0,1
BRDA:67,13,1,0
BRF:29
BRH:27
end_of_record
TN:
SF:src/lib/auth-policy.ts
FN:13,constructor
FN:20,constructor_2
FN:27,isFirstUser
FN:40,resolveSignUpRole
FN:56,consumeInvitations
FN:76,assertNotBanned
FNF:6
FNH:6
FNDA:2,constructor
FNDA:1,constructor_2
FNDA:6,isFirstUser
FNDA:4,resolveSignUpRole
FNDA:1,consumeInvitations
FNDA:3,assertNotBanned
DA:14,2
DA:15,2
DA:21,1
DA:22,1
DA:28,6
DA:29,6
DA:44,4
DA:45,4
DA:47,3
DA:48,3
DA:50,2
DA:60,1
DA:80,3
DA:85,3
LF:14
LH:14
BRDA:20,0,0,1
BRDA:45,1,0,1
BRDA:45,1,1,3
BRDA:48,2,0,1
BRDA:48,2,1,2
BRDA:48,3,0,3
BRDA:48,3,1,2
BRDA:85,4,0,1
BRDA:85,4,1,2
BRF:9
BRH:9
end_of_record
TN:
SF:src/lib/collapsed-groups.ts
FN:13,parseCollapsedGroups
FN:18,(anonymous_1)
FN:24,serializeCollapsedGroups
FN:29,toggleCollapsed
FN:38,readCollapsedGroups
FN:49,writeCollapsedGroups
FNF:6
FNH:4
FNDA:10,parseCollapsedGroups
FNDA:11,(anonymous_1)
FNDA:3,serializeCollapsedGroups
FNDA:3,toggleCollapsed
FNDA:0,readCollapsedGroups
FNDA:0,writeCollapsedGroups
DA:10,1
DA:14,10
DA:15,8
DA:16,8
DA:17,8
DA:18,11
DA:20,1
DA:25,3
DA:33,3
DA:34,3
DA:35,3
DA:39,0
DA:40,0
DA:41,0
DA:45,0
DA:50,0
DA:51,0
DA:52,0
LF:18
LH:11
BRDA:14,0,0,2
BRDA:14,0,1,8
BRDA:17,1,0,3
BRDA:17,1,1,5
BRDA:34,2,0,2
BRDA:34,2,1,1
BRDA:39,3,0,0
BRDA:39,3,1,0
BRDA:50,4,0,0
BRDA:50,4,1,0
BRF:10
BRH:6
end_of_record
TN:
SF:src/lib/crypto.ts
FN:33,loadEncryptionKey
FN:64,encryptSecret
FN:76,decryptSecret
FN:94,safeEqual
FNF:4
FNH:4
FNDA:13,loadEncryptionKey
FNDA:86,encryptSecret
FNDA:20,decryptSecret
FNDA:3,safeEqual
DA:23,9
DA:24,9
DA:25,9
DA:26,9
DA:34,13
DA:35,13
DA:36,1
DA:44,12
DA:45,1
DA:47,11
DA:50,12
DA:51,1
DA:56,11
DA:61,9
DA:65,86
DA:66,86
DA:67,86
DA:71,86
DA:72,86
DA:77,20
DA:78,20
DA:79,1
DA:81,19
DA:82,19
DA:83,19
DA:85,19
DA:86,19
DA:87,19
DA:95,3
DA:96,3
DA:97,3
DA:98,2
LF:32
LH:32
BRDA:33,0,0,13
BRDA:35,1,0,1
BRDA:35,1,1,12
BRDA:44,2,0,1
BRDA:44,2,1,11
BRDA:50,3,0,1
BRDA:50,3,1,11
BRDA:78,4,0,1
BRDA:78,4,1,19
BRDA:97,5,0,1
BRDA:97,5,1,2
BRF:11
BRH:11
end_of_record
TN:
SF:src/lib/customer-suggest.ts
FN:8,filterCustomers
FN:11,(anonymous_1)
FN:18,shouldOfferCreate
FN:22,(anonymous_3)
FNF:4
FNH:4
FNDA:6,filterCustomers
FNDA:12,(anonymous_1)
FNDA:5,shouldOfferCreate
FNDA:6,(anonymous_3)
DA:9,6
DA:10,6
DA:11,12
DA:19,5
DA:20,5
DA:21,3
DA:22,6
LF:7
LH:7
BRDA:10,0,0,2
BRDA:10,0,1,4
BRDA:20,1,0,2
BRDA:20,1,1,3
BRF:4
BRH:4
end_of_record
TN:
SF:src/lib/deployment-script.ts
FN:20,buildDeploymentScript
FN:29,buildDeploymentScripts
FNF:2
FNH:2
FNDA:102,buildDeploymentScript
FNDA:33,buildDeploymentScripts
DA:24,102
DA:25,67
DA:26,33
DA:30,33
LF:4
LH:4
BRDA:24,0,0,35
BRDA:24,0,1,67
BRDA:25,1,0,34
BRDA:25,1,1,33
BRF:4
BRH:4
end_of_record
TN:
SF:src/lib/device-meta.ts
FN:17,(anonymous_0)
FN:19,osLabel
FN:20,(anonymous_2)
FN:39,formatRustdeskId
FNF:4
FNH:4
FNDA:36,(anonymous_0)
FNDA:11,osLabel
FNDA:35,(anonymous_2)
FNDA:4,formatRustdeskId
DA:6,6
DA:17,36
DA:20,35
DA:23,6
DA:32,6
DA:40,4
LF:6
LH:6
BRDA:20,0,0,11
BRDA:20,0,1,3
BRDA:20,0,2,2
BRF:3
BRH:3
end_of_record
TN:
SF:src/lib/device-service.ts
FN:26,toPublicDevice
FN:54,queryDevices
FN:70,(anonymous_2)
FN:79,(anonymous_3)
FN:84,(anonymous_4)
FN:100,(anonymous_5)
FN:100,(anonymous_6)
FN:112,resolveCustomerId
FN:140,customerNameOf
FN:154,favoriteIdsFor
FN:162,(anonymous_10)
FN:165,loadDeviceRow
FNF:12
FNH:12
FNDA:73,toPublicDevice
FNDA:19,queryDevices
FNDA:28,(anonymous_2)
FNDA:2,(anonymous_3)
FNDA:4,(anonymous_4)
FNDA:2,(anonymous_5)
FNDA:2,(anonymous_6)
FNDA:46,resolveCustomerId
FNDA:5,customerNameOf
FNDA:19,favoriteIdsFor
FNDA:1,(anonymous_10)
FNDA:17,loadDeviceRow
DA:31,73
DA:58,19
DA:59,19
DA:61,19
DA:63,19
DA:70,28
DA:77,19
DA:78,1
DA:79,2
DA:82,19
DA:83,19
DA:84,2
DA:85,4
DA:94,4
DA:98,19
DA:99,1
DA:100,2
DA:103,19
DA:116,46
DA:117,46
DA:118,43
DA:123,43
DA:124,35
DA:129,35
DA:131,0
DA:136,0
DA:144,5
DA:145,5
DA:150,5
DA:158,19
DA:162,19
DA:166,17
DA:171,17
DA:172,1
DA:173,16
LF:35
LH:33
BRDA:29,0,0,73
BRDA:38,1,0,73
BRDA:38,1,1,0
BRDA:40,2,0,10
BRDA:40,2,1,63
BRDA:42,3,0,73
BRDA:42,3,1,54
BRDA:56,4,0,19
BRDA:59,5,0,1
BRDA:59,5,1,18
BRDA:61,6,0,1
BRDA:61,6,1,18
BRDA:67,7,0,2
BRDA:67,7,1,17
BRDA:77,8,0,1
BRDA:77,8,1,18
BRDA:83,9,0,2
BRDA:83,9,1,17
BRDA:88,10,0,4
BRDA:88,10,1,0
BRDA:89,11,0,4
BRDA:89,11,1,0
BRDA:90,12,0,4
BRDA:90,12,1,0
BRDA:98,13,0,1
BRDA:98,13,1,18
BRDA:100,14,0,2
BRDA:100,14,1,0
BRDA:117,15,0,3
BRDA:117,15,1,43
BRDA:123,16,0,8
BRDA:123,16,1,35
BRDA:129,17,0,35
BRDA:129,17,1,0
BRDA:136,18,0,0
BRDA:136,18,1,0
BRDA:144,19,0,0
BRDA:144,19,1,5
BRDA:150,20,0,5
BRDA:150,20,1,0
BRDA:171,21,0,1
BRDA:171,21,1,16
BRF:42
BRH:32
end_of_record
TN:
SF:src/lib/device-transfer.ts
FN:11,constructor
FN:24,parseDeviceImport
FN:32,(anonymous_2)
FN:39,serializeDevices
FNF:4
FNH:4
FNDA:3,constructor
FNDA:6,parseDeviceImport
FNDA:8,(anonymous_2)
FNDA:1,serializeDevices
DA:12,3
DA:13,3
DA:26,6
DA:27,6
DA:29,1
DA:31,5
DA:32,3
DA:34,8
DA:40,1
DA:43,1
LF:10
LH:10
BRDA:11,0,0,3
BRDA:31,1,0,2
BRDA:31,1,1,3
BRDA:34,2,0,8
BRDA:34,2,1,6
BRDA:34,2,2,5
BRF:6
BRH:6
end_of_record
TN:
SF:src/lib/enrollment-claim.ts
FN:23,claimEnrollment
FN:34,(anonymous_1)
FN:88,(anonymous_2)
FN:110,(anonymous_3)
FNF:4
FNH:4
FNDA:34,claimEnrollment
FNDA:34,(anonymous_1)
FNDA:2,(anonymous_2)
FNDA:2,(anonymous_3)
DA:31,34
DA:32,34
DA:34,34
DA:35,34
DA:42,34
DA:43,3
DA:50,31
DA:51,31
DA:57,31
DA:58,1
DA:65,30
DA:66,1
DA:68,29
DA:69,1
DA:76,28
DA:88,28
DA:89,1
DA:96,27
DA:110,27
DA:112,2
DA:115,27
DA:116,1
DA:125,26
DA:135,26
DA:136,26
DA:137,26
DA:147,26
LF:27
LH:27
BRDA:42,0,0,3
BRDA:42,0,1,31
BRDA:42,1,0,34
BRDA:42,1,1,33
BRDA:57,2,0,1
BRDA:57,2,1,30
BRDA:57,3,0,31
BRDA:57,3,1,3
BRDA:65,4,0,1
BRDA:65,4,1,29
BRDA:65,5,0,30
BRDA:65,5,1,11
BRDA:68,6,0,1
BRDA:68,6,1,28
BRDA:68,7,0,29
BRDA:68,7,1,10
BRDA:88,8,0,1
BRDA:88,8,1,27
BRDA:112,9,0,2
BRDA:112,9,1,1
BRDA:112,9,2,0
BRDA:115,10,0,1
BRDA:115,10,1,26
BRDA:142,11,0,26
BRDA:142,11,1,2
BRDA:143,12,0,34
BRDA:143,12,1,2
BRF:27
BRH:26
end_of_record
TN:
SF:src/lib/enrollment-core.ts
FN:33,constructor
FN:44,generateEnrollmentToken
FN:48,generateClaimToken
FN:53,hashEnrollmentToken
FN:57,enrollmentTokenPrefix
FN:63,lockRustdeskId
FNF:6
FNH:6
FNDA:19,constructor
FNDA:53,generateEnrollmentToken
FNDA:26,generateClaimToken
FNDA:136,hashEnrollmentToken
FNDA:52,enrollmentTokenPrefix
FNDA:48,lockRustdeskId
DA:12,5
DA:17,5
DA:25,5
DA:34,19
DA:35,19
DA:38,19
DA:39,19
DA:45,53
DA:49,26
DA:54,136
DA:58,52
DA:61,5
DA:67,48
LF:13
LH:13
BRF:0
BRH:0
end_of_record
TN:
SF:src/lib/enrollment-finalize.ts
FN:24,finalizeEnrollment
FN:34,(anonymous_1)
FNF:2
FNH:2
FNDA:21,finalizeEnrollment
FNDA:21,(anonymous_1)
DA:31,21
DA:32,21
DA:34,21
DA:35,21
DA:41,21
DA:42,2
DA:51,19
DA:57,19
DA:66,19
DA:67,0
DA:73,19
DA:74,1
DA:80,18
DA:81,1
DA:88,17
DA:89,17
DA:95,17
DA:96,1
DA:102,16
DA:103,1
DA:110,15
DA:111,15
DA:112,21
DA:113,14
DA:118,14
DA:119,3
DA:121,11
DA:126,11
DA:127,11
DA:129,0
DA:134,0
DA:139,15
DA:141,15
DA:143,15
DA:144,1
DA:156,1
DA:158,14
DA:173,14
DA:174,14
DA:177,15
DA:182,15
DA:193,15
DA:210,15
LF:43
LH:40
BRDA:29,0,0,21
BRDA:41,1,0,2
BRDA:41,1,1,19
BRDA:66,2,0,0
BRDA:66,2,1,19
BRDA:66,3,0,19
BRDA:66,3,1,19
BRDA:73,4,0,1
BRDA:73,4,1,18
BRDA:73,5,0,19
BRDA:73,5,1,1
BRDA:80,6,0,1
BRDA:80,6,1,17
BRDA:95,7,0,1
BRDA:95,7,1,16
BRDA:95,8,0,17
BRDA:95,8,1,2
BRDA:102,9,0,1
BRDA:102,9,1,15
BRDA:102,10,0,16
BRDA:102,10,1,6
BRDA:102,10,2,1
BRDA:112,11,0,14
BRDA:112,11,1,7
BRDA:118,12,0,3
BRDA:118,12,1,11
BRDA:126,13,0,11
BRDA:126,13,1,0
BRDA:134,14,0,0
BRDA:134,14,1,0
BRDA:143,15,0,1
BRDA:143,15,1,14
BRDA:186,16,0,5
BRDA:186,16,1,10
BRF:34
BRH:30
end_of_record
TN:
SF:src/lib/enrollment-http.ts
FN:10,enrollmentJson
FN:20,bearerToken
FN:29,enforceEnrollmentRateLimit
FN:49,readLimitedBody
FN:87,parseEnrollmentPayload
FN:103,enrollmentErrorResponse
FNF:6
FNH:6
FNDA:5,enrollmentJson
FNDA:3,bearerToken
FNDA:304,enforceEnrollmentRateLimit
FNDA:5,readLimitedBody
FNDA:5,parseEnrollmentPayload
FNDA:4,enrollmentErrorResponse
DA:4,1
DA:5,1
DA:6,1
DA:7,1
DA:8,1
DA:11,5
DA:21,3
DA:22,3
DA:23,3
DA:24,2
DA:25,1
DA:31,304
DA:32,304
DA:33,304
DA:34,304
DA:35,4
DA:36,0
DA:37,0
DA:39,4
DA:40,300
DA:41,1
DA:50,5
DA:51,5
DA:52,1
DA:58,4
DA:60,4
DA:61,4
DA:62,4
DA:63,4
DA:64,7
DA:65,7
DA:66,4
DA:67,4
DA:68,1
DA:69,1
DA:75,3
DA:78,3
DA:79,3
DA:80,3
DA:81,3
DA:82,3
DA:84,3
DA:90,5
DA:91,3
DA:92,5
DA:93,2
DA:94,1
DA:96,1
DA:104,4
DA:105,1
DA:110,3
DA:111,1
DA:116,2
DA:117,1
DA:122,1
DA:123,1
LF:56
LH:54
BRDA:10,0,0,5
BRDA:21,1,0,3
BRDA:21,1,1,1
BRDA:23,2,0,2
BRDA:23,2,1,1
BRDA:31,3,0,304
BRDA:31,3,1,1
BRDA:34,4,0,4
BRDA:34,4,1,300
BRDA:34,5,0,304
BRDA:34,5,1,300
BRDA:35,6,0,0
BRDA:35,6,1,4
BRDA:35,7,0,4
BRDA:35,7,1,4
BRDA:37,8,0,0
BRDA:37,8,1,0
BRDA:40,9,0,1
BRDA:40,9,1,299
BRDA:50,10,0,5
BRDA:50,10,1,4
BRDA:51,11,0,1
BRDA:51,11,1,4
BRDA:58,12,0,0
BRDA:58,12,1,4
BRDA:65,13,0,3
BRDA:65,13,1,4
BRDA:67,14,0,1
BRDA:67,14,1,3
BRDA:91,15,0,3
BRDA:91,15,1,0
BRDA:92,16,0,1
BRDA:92,16,1,4
BRDA:93,17,0,1
BRDA:93,17,1,1
BRDA:104,18,0,1
BRDA:104,18,1,3
BRDA:110,19,0,1
BRDA:110,19,1,2
BRDA:116,20,0,1
BRDA:116,20,1,1
BRDA:116,21,0,2
BRDA:116,21,1,2
BRDA:116,21,2,2
BRF:44
BRH:39
end_of_record
TN:
SF:src/lib/enrollment.ts
FNF:0
FNH:0
LF:0
LH:0
BRF:0
BRH:0
end_of_record
TN:
SF:src/lib/format.ts
FN:7,formatLastSeen
FNF:1
FNH:1
FNDA:3,formatLastSeen
DA:8,3
DA:9,2
DA:10,2
DA:11,1
LF:4
LH:4
BRDA:8,0,0,1
BRDA:8,0,1,2
BRDA:10,1,0,1
BRDA:10,1,1,1
BRF:4
BRH:4
end_of_record
TN:
SF:src/lib/group-service.ts
FN:15,groupMemberIds
FN:30,(anonymous_1)
FNF:2
FNH:2
FNDA:4,groupMemberIds
FNDA:2,(anonymous_1)
DA:20,4
DA:25,4
DA:26,3
DA:30,3
LF:4
LH:4
BRDA:25,0,0,1
BRDA:25,0,1,3
BRF:2
BRH:2
end_of_record
TN:
SF:src/lib/i18n-labels.ts
FN:9,statusLabel
FN:21,cacheAgeLabel
FN:31,roleLabel
FN:40,auditActionLabel
FNF:4
FNH:4
FNDA:4,statusLabel
FNDA:6,cacheAgeLabel
FNDA:4,roleLabel
FNDA:29,auditActionLabel
DA:10,4
DA:11,3
DA:12,2
DA:13,1
DA:22,6
DA:23,6
DA:24,3
DA:25,2
DA:26,2
DA:27,1
DA:32,4
DA:41,29
DA:44,1
LF:13
LH:13
BRDA:10,0,0,1
BRDA:10,0,1,3
BRDA:11,1,0,1
BRDA:11,1,1,2
BRDA:12,2,0,1
BRDA:12,2,1,1
BRDA:23,3,0,3
BRDA:23,3,1,3
BRDA:24,4,0,1
BRDA:24,4,1,2
BRDA:26,5,0,1
BRDA:26,5,1,1
BRDA:32,6,0,1
BRDA:32,6,1,3
BRDA:41,7,0,29
BRDA:41,7,1,1
BRF:16
BRH:16
end_of_record
TN:
SF:src/lib/offline-cache.ts
FN:56,cacheableDevice
FN:74,snapshotDevices
FN:92,readDeviceCache
FN:133,displayStatus
FN:142,staleDevices
FN:143,(anonymous_5)
FNF:6
FNH:6
FNDA:8,cacheableDevice
FNDA:4,snapshotDevices
FNDA:8,readDeviceCache
FNDA:12,displayStatus
FNDA:1,staleDevices
FNDA:1,(anonymous_5)
DA:29,3
DA:57,8
DA:58,104
DA:59,8
DA:79,4
DA:96,8
DA:97,6
DA:98,6
DA:99,5
DA:100,3
DA:101,3
DA:102,2
DA:138,12
DA:143,1
LF:14
LH:14
BRDA:96,0,0,2
BRDA:96,0,1,6
BRDA:96,1,0,8
BRDA:96,1,1,7
BRDA:98,2,0,1
BRDA:98,2,1,5
BRDA:99,3,0,2
BRDA:99,3,1,3
BRDA:100,4,0,0
BRDA:100,4,1,3
BRDA:101,5,0,1
BRDA:101,5,1,2
BRDA:101,6,0,3
BRDA:101,6,1,2
BRDA:138,7,0,9
BRDA:138,7,1,3
BRDA:138,8,0,12
BRDA:138,8,1,5
BRF:18
BRH:17
end_of_record
TN:
SF:src/lib/offline-queue.ts
FN:59,newQueueEntry
FN:69,toCreateInput
FN:81,appendEntry
FN:85,(anonymous_3)
FN:90,markEntry
FN:95,(anonymous_5)
FN:100,removeEntry
FN:101,(anonymous_7)
FN:109,sendableEntries
FN:110,(anonymous_9)
FN:114,pendingCount
FN:115,(anonymous_11)
FN:119,conflictEntries
FN:120,(anonymous_13)
FN:124,stuckEntries
FN:125,(anonymous_15)
FN:128,isQueueEntry
FN:160,queueRecord
FN:168,queueOwner
FN:181,readQueue
FN:196,queuedDevices
FN:197,(anonymous_21)
FNF:22
FNH:22
FNDA:40,newQueueEntry
FNDA:16,toCreateInput
FNDA:32,appendEntry
FNDA:12,(anonymous_3)
FNDA:11,markEntry
FNDA:20,(anonymous_5)
FNDA:7,removeEntry
FNDA:11,(anonymous_7)
FNDA:12,sendableEntries
FNDA:20,(anonymous_9)
FNDA:1,pendingCount
FNDA:2,(anonymous_11)
FNDA:1,conflictEntries
FNDA:1,(anonymous_13)
FNDA:1,stuckEntries
FNDA:2,(anonymous_15)
FNDA:7,isQueueEntry
FNDA:4,queueRecord
FNDA:6,queueOwner
FNDA:8,readQueue
FNDA:3,queuedDevices
FNDA:3,(anonymous_21)
DA:64,40
DA:65,40
DA:70,16
DA:85,32
DA:86,32
DA:95,11
DA:96,20
DA:101,11
DA:110,20
DA:115,2
DA:120,1
DA:125,2
DA:129,7
DA:130,5
DA:131,5
DA:164,4
DA:169,6
DA:170,6
DA:171,6
DA:182,8
DA:183,7
DA:184,7
DA:185,5
DA:186,5
DA:187,4
DA:197,3
LF:26
LH:26
BRDA:96,0,0,10
BRDA:96,0,1,10
BRDA:129,1,0,2
BRDA:129,1,1,5
BRDA:129,2,0,7
BRDA:129,2,1,6
BRDA:132,3,0,5
BRDA:132,3,1,5
BRDA:132,3,2,4
BRDA:132,3,3,4
BRDA:132,3,4,4
BRDA:132,3,5,4
BRDA:132,3,6,4
BRDA:169,4,0,0
BRDA:169,4,1,6
BRDA:169,5,0,6
BRDA:169,5,1,6
BRDA:171,6,0,4
BRDA:171,6,1,2
BRDA:182,7,0,1
BRDA:182,7,1,7
BRDA:182,8,0,8
BRDA:182,8,1,7
BRDA:184,9,0,2
BRDA:184,9,1,5
BRDA:186,10,0,1
BRDA:186,10,1,4
BRDA:186,11,0,5
BRDA:186,11,1,3
BRDA:186,11,2,2
BRDA:201,12,0,3
BRDA:201,12,1,1
BRDA:205,13,0,3
BRDA:205,13,1,1
BRDA:206,14,0,3
BRDA:206,14,1,1
BRDA:207,15,0,3
BRDA:207,15,1,1
BRDA:211,16,0,3
BRDA:211,16,1,1
BRF:40
BRH:39
end_of_record
TN:
SF:src/lib/offline-sync.ts
FN:43,asErrorLike
FN:52,classifySyncError
FN:88,syncQueue
FNF:3
FNH:3
FNDA:22,asErrorLike
FNDA:14,classifySyncError
FNDA:11,syncQueue
DA:44,22
DA:53,14
DA:54,14
DA:55,12
DA:57,7
DA:58,4
DA:92,11
DA:99,11
DA:100,14
DA:101,14
DA:102,6
DA:103,6
DA:105,8
DA:106,8
DA:108,8
DA:112,1
DA:113,1
DA:116,7
DA:117,2
DA:124,2
DA:125,1
DA:129,1
DA:131,2
DA:138,5
DA:139,2
DA:144,2
DA:145,2
DA:148,3
DA:152,3
DA:156,8
LF:30
LH:30
BRDA:44,0,0,21
BRDA:44,0,1,1
BRDA:44,1,0,22
BRDA:44,1,1,21
BRDA:54,2,0,2
BRDA:54,2,1,12
BRDA:54,3,0,14
BRDA:54,3,1,12
BRDA:55,4,0,5
BRDA:55,4,1,7
BRDA:55,5,0,12
BRDA:55,5,1,7
BRDA:57,6,0,3
BRDA:57,6,1,4
BRDA:58,7,0,2
BRDA:58,7,1,2
BRDA:108,8,0,1
BRDA:108,8,1,7
BRDA:116,9,0,2
BRDA:116,9,1,5
BRDA:124,10,0,1
BRDA:124,10,1,1
BRDA:138,11,0,2
BRDA:138,11,1,3
BRDA:138,12,0,5
BRDA:138,12,1,4
BRF:26
BRH:26
end_of_record
TN:
SF:src/lib/pwa.ts
FNF:0
FNH:0
DA:18,1
DA:26,1
LF:2
LH:2
BRF:0
BRH:0
end_of_record
TN:
SF:src/lib/registration-context.ts
FNF:0
FNH:0
DA:11,38
LF:1
LH:1
BRF:0
BRH:0
end_of_record
TN:
SF:src/lib/request-context.ts
FN:19,clientIpFrom
FN:25,requestContextFrom
FNF:2
FNH:2
FNDA:469,clientIpFrom
FNDA:165,requestContextFrom
DA:20,469
DA:21,311
DA:22,469
DA:26,165
LF:4
LH:4
BRDA:20,0,0,158
BRDA:20,0,1,311
BRDA:22,1,0,469
BRDA:22,1,1,4
BRDA:22,1,2,2
BRDA:28,2,0,165
BRDA:28,2,1,162
BRF:7
BRH:7
end_of_record
TN:
SF:src/lib/rustdesk-sync.ts
FN:40,syncConfig
FN:52,(anonymous_1)
FN:57,lastSyncedAt
FN:66,resetSyncState
FN:72,normalizePeer
FN:100,fetchPeers
FN:115,(anonymous_6)
FN:119,applyStatuses
FN:124,(anonymous_8)
FN:161,maybeSyncStatuses
FN:171,(anonymous_10)
FNF:11
FNH:11
FNDA:36,syncConfig
FNDA:3,(anonymous_1)
FNDA:3,lastSyncedAt
FNDA:23,resetSyncState
FNDA:18,normalizePeer
FNDA:9,fetchPeers
FNDA:8,(anonymous_6)
FNDA:8,applyStatuses
FNDA:8,(anonymous_8)
FNDA:28,maybeSyncStatuses
FNDA:9,(anonymous_10)
DA:41,36
DA:42,36
DA:43,15
DA:44,36
DA:52,5
DA:54,5
DA:55,5
DA:58,3
DA:67,23
DA:68,23
DA:73,18
DA:74,16
DA:75,16
DA:76,18
DA:78,14
DA:80,18
DA:85,18
DA:86,18
DA:87,18
DA:89,2
DA:90,12
DA:91,0
DA:92,0
DA:94,14
DA:96,14
DA:103,9
DA:107,9
DA:108,8
DA:109,8
DA:114,9
DA:115,8
DA:123,8
DA:124,8
DA:125,7
DA:134,7
DA:135,7
DA:136,7
DA:137,7
DA:138,7
DA:140,7
DA:142,6
DA:150,6
DA:152,7
DA:165,28
DA:166,28
DA:167,11
DA:168,11
DA:169,10
DA:171,9
DA:172,9
DA:173,9
DA:174,8
DA:176,1
DA:177,1
DA:179,9
DA:180,9
DA:183,9
LF:57
LH:55
BRDA:42,0,0,21
BRDA:42,0,1,15
BRDA:43,1,0,15
BRDA:43,1,1,12
BRDA:46,2,0,36
BRDA:46,2,1,14
BRDA:47,3,0,36
BRDA:47,3,1,14
BRDA:48,4,0,13
BRDA:48,4,1,2
BRDA:48,5,0,36
BRDA:48,5,1,14
BRDA:73,6,0,2
BRDA:73,6,1,16
BRDA:73,7,0,18
BRDA:73,7,1,17
BRDA:75,8,0,16
BRDA:75,8,1,2
BRDA:75,8,2,1
BRDA:75,8,3,1
BRDA:75,8,4,1
BRDA:76,9,0,2
BRDA:76,9,1,16
BRDA:78,10,0,14
BRDA:78,10,1,2
BRDA:78,10,2,1
BRDA:80,11,0,18
BRDA:80,11,1,6
BRDA:80,11,2,5
BRDA:80,11,3,4
BRDA:85,12,0,18
BRDA:85,12,1,12
BRDA:85,12,2,12
BRDA:85,12,3,12
BRDA:87,13,0,2
BRDA:87,13,1,12
BRDA:89,14,0,1
BRDA:89,14,1,1
BRDA:90,15,0,0
BRDA:90,15,1,12
BRDA:90,16,0,12
BRDA:90,16,1,0
BRDA:92,17,0,0
BRDA:92,17,1,0
BRDA:94,18,0,10
BRDA:94,18,1,4
BRDA:94,19,0,14
BRDA:94,19,1,10
BRDA:96,20,0,10
BRDA:96,20,1,4
BRDA:104,21,0,1
BRDA:104,21,1,8
BRDA:107,22,0,1
BRDA:107,22,1,8
BRDA:109,23,0,5
BRDA:109,23,1,3
BRDA:111,24,0,3
BRDA:111,24,1,1
BRDA:111,24,2,0
BRDA:114,25,0,1
BRDA:114,25,1,8
BRDA:123,26,0,1
BRDA:123,26,1,7
BRDA:137,27,0,0
BRDA:137,27,1,7
BRDA:140,28,0,1
BRDA:140,28,1,6
BRDA:140,29,0,7
BRDA:140,29,1,3
BRDA:146,30,0,6
BRDA:146,30,1,0
BRDA:150,31,0,4
BRDA:150,31,1,2
BRDA:163,32,0,28
BRDA:166,33,0,17
BRDA:166,33,1,11
BRDA:168,34,0,1
BRDA:168,34,1,10
BRDA:168,35,0,11
BRDA:168,35,1,10
BRDA:169,36,0,1
BRDA:169,36,1,9
BRF:82
BRH:75
end_of_record
TN:
SF:src/lib/sw-core.ts
FN:34,shellCacheName
FN:45,runtimeCacheName
FN:50,isRuntimeCacheName
FN:55,staleCacheNames
FN:57,(anonymous_4)
FN:116,createServiceWorkerCore
FN:125,plan
FN:143,install
FN:147,(anonymous_8)
FN:162,(anonymous_9)
FN:163,(anonymous_10)
FN:163,(anonymous_11)
FN:167,activate
FN:170,(anonymous_13)
FN:174,respondWithDocument
FN:198,respondWithStatic
FN:216,handleFetch
FN:227,handleMessage
FN:234,(anonymous_18)
FNF:19
FNH:19
FNDA:47,shellCacheName
FNDA:46,runtimeCacheName
FNDA:3,isRuntimeCacheName
FNDA:2,staleCacheNames
FNDA:8,(anonymous_4)
FNDA:37,createServiceWorkerCore
FNDA:31,plan
FNDA:9,install
FNDA:32,(anonymous_8)
FNDA:31,(anonymous_9)
FNDA:23,(anonymous_10)
FNDA:1,(anonymous_11)
FNDA:1,activate
FNDA:2,(anonymous_13)
FNDA:4,respondWithDocument
FNDA:5,respondWithStatic
FNDA:17,handleFetch
FNDA:4,handleMessage
FNDA:2,(anonymous_18)
DA:21,1
DA:24,1
DA:26,1
DA:35,47
DA:46,46
DA:51,3
DA:56,2
DA:57,8
DA:119,37
DA:120,37
DA:121,37
DA:122,37
DA:123,37
DA:127,31
DA:129,29
DA:130,29
DA:131,29
DA:132,26
DA:134,1
DA:138,26
DA:139,20
DA:140,14
DA:144,9
DA:147,9
DA:148,32
DA:152,32
DA:153,30
DA:159,9
DA:160,8
DA:162,31
DA:163,23
DA:168,1
DA:169,1
DA:170,2
DA:177,4
DA:178,4
DA:180,3
DA:184,3
DA:185,3
DA:192,2
DA:201,5
DA:202,5
DA:203,5
DA:205,4
DA:206,4
DA:207,4
DA:209,3
DA:212,3
DA:213,3
DA:217,17
DA:219,4
DA:221,5
DA:223,8
DA:228,4
DA:232,2
DA:233,2
DA:234,2
DA:238,37
LF:58
LH:58
BRDA:57,0,0,8
BRDA:57,0,1,6
BRDA:127,1,0,2
BRDA:127,1,1,29
BRDA:131,2,0,2
BRDA:131,2,1,27
BRDA:138,3,0,6
BRDA:138,3,1,20
BRDA:139,4,0,6
BRDA:139,4,1,14
BRDA:140,5,0,2
BRDA:140,5,1,12
BRDA:152,6,0,2
BRDA:152,6,1,30
BRDA:185,7,0,1
BRDA:185,7,1,2
BRDA:192,8,0,1
BRDA:192,8,1,1
BRDA:203,9,0,1
BRDA:203,9,1,4
BRDA:207,10,0,1
BRDA:207,10,1,3
BRDA:212,11,0,2
BRDA:212,11,1,1
BRDA:217,12,0,4
BRDA:217,12,1,5
BRDA:217,12,2,8
BRDA:228,13,0,2
BRDA:228,13,1,2
BRF:29
BRH:29
end_of_record
TN:
SF:src/lib/utils.ts
FN:5,cn
FNF:1
FNH:1
FNDA:2,cn
DA:6,2
LF:1
LH:1
BRF:0
BRH:0
end_of_record
TN:
SF:src/lib/view-mode.ts
FN:17,isViewMode
FN:22,parseViewCookie
FN:33,writeViewCookie
FN:40,(anonymous_3)
FN:48,loadViewMode
FNF:5
FNH:2
FNDA:10,isViewMode
FNDA:9,parseViewCookie
FNDA:0,writeViewCookie
FNDA:0,(anonymous_3)
FNDA:0,loadViewMode
DA:4,1
DA:13,1
DA:15,1
DA:18,10
DA:23,9
DA:24,10
DA:25,10
DA:26,4
DA:27,4
DA:29,7
DA:34,0
DA:36,0
DA:39,1
DA:40,0
DA:49,0
DA:50,0
LF:16
LH:11
BRDA:23,0,0,9
BRDA:23,0,1,2
BRDA:25,1,0,6
BRDA:25,1,1,4
BRDA:27,2,0,2
BRDA:27,2,1,2
BRDA:34,3,0,0
BRDA:34,3,1,0
BRDA:49,4,0,0
BRDA:49,4,1,0
BRF:10
BRH:6
end_of_record
TN:
SF:src/lib/deployment/linux.ts
FN:9,linuxScript
FNF:1
FNH:1
FNDA:34,linuxScript
DA:10,34
DA:11,34
DA:12,34
DA:13,34
DA:15,34
LF:5
LH:5
BRDA:12,0,0,34
BRDA:12,0,1,2
BRDA:22,1,0,33
BRDA:22,1,1,1
BRF:4
BRH:4
end_of_record
TN:
SF:src/lib/deployment/macos.ts
FN:9,macosScript
FNF:1
FNH:1
FNDA:33,macosScript
DA:10,33
DA:11,33
DA:12,33
DA:13,33
DA:15,33
LF:5
LH:5
BRDA:12,0,0,33
BRDA:12,0,1,1
BRDA:22,1,0,32
BRDA:22,1,1,1
BRF:4
BRH:4
end_of_record
TN:
SF:src/lib/deployment/shared.ts
FN:41,shellQuote
FN:45,powershellQuote
FN:49,normalizedOrigin
FNF:3
FNH:3
FNDA:335,shellQuote
FNDA:175,powershellQuote
FNDA:102,normalizedOrigin
DA:6,3
DA:17,3
DA:42,335
DA:46,175
DA:50,102
LF:5
LH:5
BRF:0
BRH:0
end_of_record
TN:
SF:src/lib/deployment/windows.ts
FN:9,windowsScript
FNF:1
FNH:1
FNDA:35,windowsScript
DA:10,35
DA:11,35
DA:12,35
DA:13,35
DA:15,35
LF:5
LH:5
BRDA:12,0,0,35
BRDA:12,0,1,1
BRDA:22,1,0,33
BRDA:22,1,1,2
BRF:4
BRH:4
end_of_record
TN:
SF:src/orpc/context.ts
FN:19,(anonymous_0)
FN:41,(anonymous_1)
FNF:2
FNH:2
FNDA:248,(anonymous_0)
FNDA:64,(anonymous_1)
DA:16,9
DA:19,9
DA:20,248
DA:21,248
DA:22,4
DA:24,244
DA:25,1
DA:29,243
DA:38,9
DA:41,9
DA:42,64
DA:43,7
DA:47,57
DA:51,9
LF:14
LH:14
BRDA:21,0,0,4
BRDA:21,0,1,244
BRDA:24,1,0,1
BRDA:24,1,1,243
BRDA:42,2,0,7
BRDA:42,2,1,57
BRF:6
BRH:6
end_of_record
TN:
SF:src/orpc/schema.ts
FNF:0
FNH:0
DA:5,3
DA:6,3
DA:9,3
DA:15,3
DA:45,3
DA:63,3
LF:6
LH:6
BRF:0
BRH:0
end_of_record
TN:
SF:src/orpc/router/account.ts
FN:17,createAccount
FN:33,(anonymous_1)
FN:42,(anonymous_2)
FN:58,(anonymous_3)
FN:88,(anonymous_4)
FN:108,(anonymous_5)
FNF:6
FNH:6
FNDA:3,createAccount
FNDA:2,(anonymous_1)
FNDA:2,(anonymous_2)
FNDA:4,(anonymous_3)
FNDA:4,(anonymous_4)
FNDA:2,(anonymous_5)
DA:11,1
DA:24,3
DA:31,1
DA:34,2
DA:35,2
DA:39,1
DA:43,2
DA:44,2
DA:45,1
DA:50,1
DA:51,1
DA:55,1
DA:59,4
DA:70,4
DA:71,3
DA:75,1
DA:79,1
DA:89,4
DA:100,4
DA:101,2
DA:107,2
DA:110,2
DA:119,2
DA:126,2
LF:24
LH:24
BRDA:44,0,0,1
BRDA:44,0,1,1
BRDA:70,1,0,3
BRDA:70,1,1,1
BRDA:100,2,0,2
BRDA:100,2,1,2
BRF:6
BRH:6
end_of_record
TN:
SF:src/orpc/router/audit.ts
FN:8,(anonymous_0)
FN:31,(anonymous_1)
FN:50,(anonymous_2)
FN:65,(anonymous_3)
FNF:4
FNH:4
FNDA:2,(anonymous_0)
FNDA:4,(anonymous_1)
FNDA:2,(anonymous_2)
FNDA:2,(anonymous_3)
DA:8,1
DA:9,2
DA:31,4
DA:48,1
DA:51,2
DA:65,2
LF:6
LH:6
BRDA:35,0,0,4
BRDA:35,0,1,4
BRDA:38,1,0,4
BRDA:38,1,1,0
BRDA:39,2,0,4
BRDA:39,2,1,0
BRF:6
BRH:4
end_of_record
TN:
SF:src/orpc/router/customers.ts
FN:15,customerAuditEvent
FN:31,assertNameFree
FN:61,(anonymous_2)
FN:80,(anonymous_3)
FN:106,(anonymous_4)
FN:154,(anonymous_5)
FNF:6
FNH:6
FNDA:15,customerAuditEvent
FNDA:18,assertNameFree
FNDA:2,(anonymous_2)
FNDA:13,(anonymous_3)
FNDA:5,(anonymous_4)
FNDA:2,(anonymous_5)
DA:20,15
DA:27,1
DA:28,1
DA:36,18
DA:41,18
DA:42,3
DA:49,1
DA:62,2
DA:74,2
DA:77,1
DA:81,13
DA:82,11
DA:90,11
DA:94,11
DA:97,1
DA:107,5
DA:108,4
DA:117,4
DA:131,4
DA:132,1
DA:133,3
DA:138,5
DA:139,2
DA:145,3
DA:152,1
DA:155,2
DA:159,2
DA:160,2
DA:165,2
LF:29
LH:29
BRDA:18,0,0,15
BRDA:41,1,0,3
BRDA:41,1,1,15
BRDA:41,2,0,18
BRDA:41,2,1,5
BRDA:86,3,0,11
BRDA:86,3,1,11
BRDA:87,4,0,13
BRDA:87,4,1,11
BRDA:121,5,0,4
BRDA:121,5,1,3
BRDA:122,6,0,5
BRDA:122,6,1,3
BRDA:131,7,0,1
BRDA:131,7,1,3
BRDA:133,8,0,3
BRDA:133,8,1,0
BRDA:138,9,0,2
BRDA:138,9,1,3
BRDA:159,10,0,2
BRDA:159,10,1,0
BRF:21
BRH:19
end_of_record
TN:
SF:src/orpc/router/devices.ts
FN:44,deviceSnapshot
FN:63,deviceAuditEvent
FN:83,filteredDevices
FN:89,(anonymous_3)
FN:96,(anonymous_4)
FN:98,(anonymous_5)
FN:104,(anonymous_6)
FN:114,(anonymous_7)
FN:125,(anonymous_8)
FN:147,(anonymous_9)
FN:155,(anonymous_10)
FN:162,(anonymous_11)
FN:179,(anonymous_12)
FN:185,(anonymous_13)
FN:188,(anonymous_14)
FN:191,(anonymous_15)
FN:199,(anonymous_16)
FN:293,(anonymous_17)
FN:346,(anonymous_18)
FN:373,(anonymous_19)
FN:396,(anonymous_20)
FN:425,(anonymous_21)
FN:426,(anonymous_22)
FN:428,(anonymous_23)
FN:463,(anonymous_24)
FNF:25
FNH:25
FNDA:14,deviceSnapshot
FNDA:53,deviceAuditEvent
FNDA:18,filteredDevices
FNDA:3,(anonymous_3)
FNDA:5,(anonymous_4)
FNDA:16,(anonymous_5)
FNDA:16,(anonymous_6)
FNDA:1,(anonymous_7)
FNDA:4,(anonymous_8)
FNDA:1,(anonymous_9)
FNDA:1,(anonymous_10)
FNDA:1,(anonymous_11)
FNDA:2,(anonymous_12)
FNDA:2,(anonymous_13)
FNDA:1,(anonymous_14)
FNDA:2,(anonymous_15)
FNDA:40,(anonymous_16)
FNDA:8,(anonymous_17)
FNDA:5,(anonymous_18)
FNDA:4,(anonymous_19)
FNDA:4,(anonymous_20)
FNDA:5,(anonymous_21)
FNDA:6,(anonymous_22)
FNDA:3,(anonymous_23)
FNDA:2,(anonymous_24)
DA:35,3
DA:52,14
DA:68,53
DA:87,18
DA:88,18
DA:89,18
DA:90,18
DA:91,4
DA:96,5
DA:98,18
DA:101,3
DA:107,16
DA:108,16
DA:111,3
DA:115,1
DA:116,1
DA:117,1
DA:118,1
DA:122,3
DA:126,4
DA:127,3
DA:132,1
DA:141,4
DA:145,3
DA:147,1
DA:153,3
DA:156,1
DA:157,0
DA:158,0
DA:162,3
DA:163,1
DA:164,1
DA:165,1
DA:166,1
DA:167,1
DA:168,1
DA:169,2
DA:170,2
DA:171,2
DA:172,2
DA:173,2
DA:174,2
DA:175,2
DA:177,3
DA:179,1
DA:180,2
DA:181,1
DA:185,2
DA:188,1
DA:191,2
DA:196,3
DA:200,40
DA:205,40
DA:206,8
DA:211,8
DA:212,2
DA:216,2
DA:227,38
DA:228,6
DA:233,6
DA:234,2
DA:249,36
DA:250,36
DA:265,36
DA:280,36
DA:283,3
DA:294,8
DA:295,7
DA:297,7
DA:300,8
DA:302,7
DA:320,7
DA:321,7
DA:322,2
DA:328,7
DA:329,1
DA:335,7
DA:336,3
DA:341,7
DA:344,3
DA:349,5
DA:357,5
DA:358,4
DA:363,4
DA:370,3
DA:374,4
DA:375,4
DA:376,1
DA:380,3
DA:385,3
DA:393,3
DA:397,4
DA:398,4
DA:399,4
DA:400,3
DA:401,3
DA:406,4
DA:410,4
DA:418,4
DA:422,3
DA:426,6
DA:427,5
DA:428,3
DA:440,5
DA:443,5
DA:444,3
DA:452,5
DA:460,3
DA:464,2
DA:465,2
DA:472,2
LF:111
LH:109
BRDA:66,0,0,53
BRDA:89,1,0,3
BRDA:89,1,1,15
BRDA:90,2,0,4
BRDA:90,2,1,14
BRDA:126,3,0,3
BRDA:126,3,1,1
BRDA:156,4,0,1
BRDA:156,4,1,0
BRDA:169,5,0,1
BRDA:169,5,1,1
BRDA:171,6,0,2
BRDA:171,6,1,0
BRDA:171,7,0,2
BRDA:171,7,1,2
BRDA:173,8,0,2
BRDA:173,8,1,0
BRDA:175,9,0,2
BRDA:175,9,1,1
BRDA:177,10,0,2
BRDA:177,10,1,0
BRDA:177,11,0,3
BRDA:177,11,1,2
BRDA:205,12,0,8
BRDA:205,12,1,32
BRDA:211,13,0,2
BRDA:211,13,1,6
BRDA:227,14,0,6
BRDA:227,14,1,32
BRDA:233,15,0,2
BRDA:233,15,1,4
BRDA:257,16,0,36
BRDA:257,16,1,0
BRDA:260,17,0,40
BRDA:260,17,1,0
BRDA:261,18,0,34
BRDA:261,18,1,2
BRDA:275,19,0,4
BRDA:275,19,1,32
BRDA:280,20,0,36
BRDA:280,20,1,1
BRDA:297,21,0,3
BRDA:297,21,1,4
BRDA:308,22,0,7
BRDA:308,22,1,0
BRDA:311,23,0,8
BRDA:311,23,1,0
BRDA:321,24,0,2
BRDA:321,24,1,5
BRDA:328,25,0,1
BRDA:328,25,1,6
BRDA:332,26,0,1
BRDA:332,26,1,0
BRDA:335,27,0,3
BRDA:335,27,1,4
BRDA:341,28,0,7
BRDA:341,28,1,0
BRDA:357,29,0,1
BRDA:357,29,1,4
BRDA:375,30,0,1
BRDA:375,30,1,3
BRDA:399,31,0,3
BRDA:399,31,1,1
BRDA:426,32,0,6
BRDA:426,32,1,4
BRDA:432,33,0,3
BRDA:432,33,1,3
BRDA:433,34,0,3
BRDA:433,34,1,0
BRDA:434,35,0,3
BRDA:434,35,1,0
BRDA:435,36,0,3
BRDA:435,36,1,3
BRDA:436,37,0,1
BRDA:436,37,1,2
BRDA:440,38,0,3
BRDA:440,38,1,2
BRDA:443,39,0,3
BRDA:443,39,1,2
BRF:79
BRH:67
end_of_record
TN:
SF:src/orpc/router/enrollments.ts
FN:27,deploymentOrigin
FN:41,accessibleToken
FN:52,enrollmentAuditEvent
FN:79,(anonymous_3)
FN:82,(anonymous_4)
FN:129,(anonymous_5)
FN:153,(anonymous_6)
FN:164,(anonymous_7)
FN:166,(anonymous_8)
FN:223,(anonymous_9)
FN:224,(anonymous_10)
FN:258,(anonymous_11)
FNF:12
FNH:12
FNDA:31,deploymentOrigin
FNDA:15,accessibleToken
FNDA:29,enrollmentAuditEvent
FNDA:26,(anonymous_3)
FNDA:48,(anonymous_4)
FNDA:3,(anonymous_5)
FNDA:2,(anonymous_6)
FNDA:5,(anonymous_7)
FNDA:5,(anonymous_8)
FNDA:4,(anonymous_9)
FNDA:4,(anonymous_10)
FNDA:6,(anonymous_11)
DA:23,2
DA:25,2
DA:28,31
DA:29,31
DA:30,31
DA:33,31
DA:34,1
DA:38,30
DA:46,15
DA:56,29
DA:67,2
DA:77,2
DA:80,26
DA:81,26
DA:82,48
DA:84,26
DA:85,26
DA:87,26
DA:105,25
DA:115,25
DA:129,2
DA:130,3
DA:153,3
DA:162,2
DA:165,5
DA:166,5
DA:167,5
DA:174,5
DA:175,4
DA:176,1
DA:180,3
DA:181,1
DA:188,2
DA:189,2
DA:190,1
DA:194,1
DA:195,1
DA:196,1
DA:206,2
DA:221,2
DA:224,4
DA:225,4
DA:231,4
DA:233,3
DA:244,3
DA:245,1
DA:251,2
DA:252,2
DA:256,2
DA:259,6
DA:264,6
DA:265,4
DA:270,6
LF:53
LH:53
BRDA:28,0,0,31
BRDA:28,0,1,30
BRDA:33,1,0,1
BRDA:33,1,1,30
BRDA:33,2,0,31
BRDA:33,2,1,2
BRDA:46,3,0,1
BRDA:46,3,1,14
BRDA:92,4,0,23
BRDA:92,4,1,2
BRDA:96,5,0,26
BRDA:96,5,1,1
BRDA:98,6,0,26
BRDA:98,6,1,25
BRDA:111,7,0,25
BRDA:111,7,1,1
BRDA:147,8,0,1
BRDA:147,8,1,2
BRDA:155,9,0,2
BRDA:155,9,1,2
BRDA:156,10,0,2
BRDA:156,10,1,2
BRDA:157,11,0,2
BRDA:157,11,1,2
BRDA:174,12,0,1
BRDA:174,12,1,4
BRDA:175,13,0,1
BRDA:175,13,1,3
BRDA:180,14,0,1
BRDA:180,14,1,2
BRDA:189,15,0,1
BRDA:189,15,1,1
BRDA:215,16,0,2
BRDA:215,16,1,2
BRDA:231,17,0,1
BRDA:231,17,1,3
BRDA:244,18,0,1
BRDA:244,18,1,2
BRDA:264,19,0,4
BRDA:264,19,1,2
BRF:40
BRH:40
end_of_record
TN:
SF:src/orpc/router/groups.ts
FN:12,loadOwnedGroup
FN:34,(anonymous_1)
FN:57,(anonymous_2)
FN:80,(anonymous_3)
FN:91,(anonymous_4)
FN:101,(anonymous_5)
FN:112,(anonymous_6)
FN:124,(anonymous_7)
FNF:8
FNH:8
FNDA:18,loadOwnedGroup
FNDA:4,(anonymous_1)
FNDA:14,(anonymous_2)
FNDA:2,(anonymous_3)
FNDA:2,(anonymous_4)
FNDA:2,(anonymous_5)
FNDA:1,(anonymous_6)
FNDA:14,(anonymous_7)
DA:9,1
DA:17,18
DA:22,18
DA:23,4
DA:24,14
DA:28,1
DA:35,4
DA:51,4
DA:54,1
DA:58,14
DA:68,14
DA:69,1
DA:71,13
DA:75,13
DA:78,1
DA:81,2
DA:82,1
DA:86,1
DA:89,1
DA:92,2
DA:93,1
DA:94,1
DA:98,1
DA:102,2
DA:112,2
DA:116,1
DA:125,14
DA:131,12
DA:132,9
DA:137,9
DA:139,3
DA:148,3
DA:151,12
DA:152,9
DA:157,9
DA:169,12
LF:36
LH:36
BRDA:22,0,0,4
BRDA:22,0,1,14
BRDA:68,1,0,1
BRDA:68,1,1,13
BRDA:131,2,0,9
BRDA:131,2,1,3
BRDA:151,3,0,9
BRDA:151,3,1,3
BRDA:163,4,0,9
BRDA:163,4,1,0
BRF:10
BRH:9
end_of_record
TN:
SF:src/orpc/router/index.ts
FNF:0
FNH:0
LF:0
LH:0
BRF:0
BRH:0
end_of_record
TN:
SF:src/orpc/router/invites.ts
FN:22,(anonymous_0)
FN:47,(anonymous_1)
FN:60,(anonymous_2)
FN:72,(anonymous_3)
FNF:4
FNH:4
FNDA:7,(anonymous_0)
FNDA:1,(anonymous_1)
FNDA:1,(anonymous_2)
FNDA:3,(anonymous_3)
DA:10,2
DA:12,2
DA:14,2
DA:23,7
DA:24,7
DA:25,7
DA:37,7
DA:44,7
DA:47,2
DA:48,1
DA:60,1
DA:70,2
DA:73,3
DA:77,3
DA:78,2
DA:90,3
LF:16
LH:16
BRDA:77,0,0,2
BRDA:77,0,1,1
BRF:2
BRH:2
end_of_record
TN:
SF:src/orpc/router/users.ts
FN:14,userAuditEvent
FN:47,adminCount
FN:58,(anonymous_2)
FN:76,(anonymous_3)
FN:102,(anonymous_4)
FN:152,(anonymous_5)
FN:189,(anonymous_6)
FN:218,(anonymous_7)
FNF:8
FNH:8
FNDA:11,userAuditEvent
FNDA:4,adminCount
FNDA:1,(anonymous_2)
FNDA:2,(anonymous_3)
FNDA:7,(anonymous_4)
FNDA:6,(anonymous_5)
FNDA:3,(anonymous_6)
FNDA:6,(anonymous_7)
DA:19,11
DA:31,1
DA:34,1
DA:48,4
DA:52,4
DA:56,1
DA:59,1
DA:76,2
DA:94,1
DA:103,7
DA:108,7
DA:109,1
DA:112,6
DA:113,7
DA:114,3
DA:115,1
DA:120,2
DA:121,1
DA:127,4
DA:131,4
DA:132,3
DA:138,4
DA:145,1
DA:153,6
DA:154,1
DA:158,5
DA:163,5
DA:164,1
DA:167,4
DA:177,4
DA:178,4
DA:183,4
DA:187,1
DA:190,3
DA:200,3
DA:201,1
DA:203,2
DA:208,2
DA:216,1
DA:219,6
DA:220,2
DA:224,4
DA:229,4
DA:230,1
DA:232,3
DA:233,1
DA:238,2
DA:239,2
DA:244,2
LF:49
LH:49
BRDA:17,0,0,11
BRDA:52,1,0,4
BRDA:52,1,1,0
BRDA:80,2,0,1
BRDA:80,2,1,1
BRDA:108,3,0,1
BRDA:108,3,1,6
BRDA:112,4,0,6
BRDA:112,4,1,3
BRDA:113,5,0,3
BRDA:113,5,1,4
BRDA:114,6,0,1
BRDA:114,6,1,2
BRDA:120,7,0,1
BRDA:120,7,1,1
BRDA:131,8,0,3
BRDA:131,8,1,1
BRDA:153,9,0,1
BRDA:153,9,1,5
BRDA:163,10,0,1
BRDA:163,10,1,4
BRDA:171,11,0,4
BRDA:171,11,1,1
BRDA:200,12,0,1
BRDA:200,12,1,2
BRDA:219,13,0,2
BRDA:219,13,1,4
BRDA:229,14,0,1
BRDA:229,14,1,3
BRDA:232,15,0,1
BRDA:232,15,1,2
BRDA:232,16,0,3
BRDA:232,16,1,2
BRF:33
BRH:32
end_of_record
TN:
SF:src/utils/mcp-handler.ts
FN:8,handleMcpRequest
FN:28,(anonymous_1)
FN:32,(anonymous_2)
FN:43,(anonymous_3)
FN:44,(anonymous_4)
FNF:5
FNH:5
FNDA:4,handleMcpRequest
FNDA:2,(anonymous_1)
FNDA:1,(anonymous_2)
FNDA:1,(anonymous_3)
FNDA:2,(anonymous_4)
DA:6,1
DA:13,4
DA:14,4
DA:17,3
DA:20,3
DA:21,4
DA:22,1
DA:28,2
DA:29,2
DA:32,2
DA:33,1
DA:36,2
DA:38,2
DA:39,2
DA:41,2
DA:43,2
DA:44,2
DA:46,2
DA:47,2
DA:49,2
DA:50,1
DA:60,1
DA:66,1
DA:69,1
LF:24
LH:24
BRDA:11,0,0,4
BRDA:11,1,0,4
BRDA:20,2,0,2
BRDA:20,2,1,1
BRDA:21,3,0,1
BRDA:21,3,1,3
BRDA:33,4,0,1
BRDA:33,4,1,0
BRDA:33,5,0,1
BRDA:33,5,1,1
BRDA:49,6,0,1
BRDA:49,6,1,1
BRDA:75,7,0,1
BRDA:75,7,1,0
BRF:14
BRH:12
end_of_record
